25-02-03.18:00:54.149 [main            ] WARN  AnnotationConfigServletWebServerApplicationContext - Exception encountered during context initialization - cancelling refresh attempt: org.springframework.beans.factory.UnsatisfiedDependencyException: Error creating bean with name 'DCCController' defined in file [D:\Develop\project\rem-market\market-trigger\target\classes\top\javarem\trigger\http\DCCController.class]: Unsatisfied dependency expressed through constructor parameter 0; nested exception is org.springframework.beans.factory.NoSuchBeanDefinitionException: No qualifying bean of type 'org.apache.curator.framework.CuratorFramework' available: expected at least 1 bean which qualifies as autowire candidate. Dependency annotations: {}
25-02-03.18:00:54.242 [main            ] ERROR LoggingFailureAnalysisReporter - 

***************************
APPLICATION FAILED TO START
***************************

Description:

Parameter 0 of constructor in top.javarem.trigger.http.DCCController required a bean of type 'org.apache.curator.framework.CuratorFramework' that could not be found.


Action:

Consider defining a bean of type 'org.apache.curator.framework.CuratorFramework' in your configuration.

25-02-03.18:02:25.016 [main            ] WARN  AnnotationConfigServletWebServerApplicationContext - Exception encountered during context initialization - cancelling refresh attempt: org.springframework.beans.factory.UnsatisfiedDependencyException: Error creating bean with name 'DCCController' defined in file [D:\Develop\project\rem-market\market-trigger\target\classes\top\javarem\trigger\http\DCCController.class]: Unsatisfied dependency expressed through constructor parameter 0; nested exception is org.springframework.beans.factory.NoSuchBeanDefinitionException: No qualifying bean of type 'org.apache.curator.framework.CuratorFramework' available: expected at least 1 bean which qualifies as autowire candidate. Dependency annotations: {}
25-02-03.18:02:25.061 [main            ] ERROR LoggingFailureAnalysisReporter - 

***************************
APPLICATION FAILED TO START
***************************

Description:

Parameter 0 of constructor in top.javarem.trigger.http.DCCController required a bean of type 'org.apache.curator.framework.CuratorFramework' that could not be found.


Action:

Consider defining a bean of type 'org.apache.curator.framework.CuratorFramework' in your configuration.

25-02-03.18:16:48.055 [main            ] WARN  AnnotationConfigServletWebServerApplicationContext - Exception encountered during context initialization - cancelling refresh attempt: org.springframework.beans.factory.UnsatisfiedDependencyException: Error creating bean with name 'DCCController' defined in file [D:\Develop\project\rem-market\market-trigger\target\classes\top\javarem\trigger\http\DCCController.class]: Unsatisfied dependency expressed through constructor parameter 0; nested exception is org.springframework.beans.factory.NoSuchBeanDefinitionException: No qualifying bean of type 'org.apache.curator.framework.CuratorFramework' available: expected at least 1 bean which qualifies as autowire candidate. Dependency annotations: {}
25-02-03.18:16:48.100 [main            ] ERROR LoggingFailureAnalysisReporter - 

***************************
APPLICATION FAILED TO START
***************************

Description:

Parameter 0 of constructor in top.javarem.trigger.http.DCCController required a bean of type 'org.apache.curator.framework.CuratorFramework' that could not be found.


Action:

Consider defining a bean of type 'org.apache.curator.framework.CuratorFramework' in your configuration.

25-02-03.18:18:17.965 [main            ] WARN  CuratorZookeeperClient - session timeout [18000] is less than connection timeout [30000]
25-02-03.18:18:26.607 [main            ] WARN  LoadBalancerCacheAutoConfiguration$LoadBalancerCaffeineWarnLogger - Spring Cloud LoadBalancer is currently working with the default cache. While this cache implementation is useful for development and tests, it's recommended to use Caffeine cache in production.You can switch to using Caffeine cache, by adding it and org.springframework.cache.caffeine.CaffeineCacheManager to the classpath.
25-02-03.18:18:29.975 [main            ] WARN  ServiceConfig          -  [DUBBO] Use random available port(20880) for protocol dubbo, dubbo version: 3.0.9, current host: 192.168.8.1
25-02-03.18:18:30.072 [main            ] WARN  MetadataUtils          -  [DUBBO] Remote Metadata Report Server is not provided or unavailable, will stop registering service definition to remote center!, dubbo version: 3.0.9, current host: 192.168.8.1
25-02-03.18:18:30.086 [main            ] WARN  MetadataUtils          -  [DUBBO] Remote Metadata Report Server is not provided or unavailable, will stop registering service definition to remote center!, dubbo version: 3.0.9, current host: 192.168.8.1
25-02-03.18:18:30.094 [main            ] WARN  MetadataUtils          -  [DUBBO] Remote Metadata Report Server is not provided or unavailable, will stop registering service definition to remote center!, dubbo version: 3.0.9, current host: 192.168.8.1
25-02-03.18:50:15.913 [main            ] WARN  CuratorZookeeperClient - session timeout [18000] is less than connection timeout [30000]
25-02-03.18:50:24.416 [main            ] WARN  LoadBalancerCacheAutoConfiguration$LoadBalancerCaffeineWarnLogger - Spring Cloud LoadBalancer is currently working with the default cache. While this cache implementation is useful for development and tests, it's recommended to use Caffeine cache in production.You can switch to using Caffeine cache, by adding it and org.springframework.cache.caffeine.CaffeineCacheManager to the classpath.
25-02-03.18:50:27.513 [main            ] WARN  ServiceConfig          -  [DUBBO] Use random available port(20880) for protocol dubbo, dubbo version: 3.0.9, current host: 192.168.8.1
25-02-03.18:50:27.613 [main            ] WARN  MetadataUtils          -  [DUBBO] Remote Metadata Report Server is not provided or unavailable, will stop registering service definition to remote center!, dubbo version: 3.0.9, current host: 192.168.8.1
25-02-03.18:50:27.628 [main            ] WARN  MetadataUtils          -  [DUBBO] Remote Metadata Report Server is not provided or unavailable, will stop registering service definition to remote center!, dubbo version: 3.0.9, current host: 192.168.8.1
25-02-03.18:50:27.636 [main            ] WARN  MetadataUtils          -  [DUBBO] Remote Metadata Report Server is not provided or unavailable, will stop registering service definition to remote center!, dubbo version: 3.0.9, current host: 192.168.8.1
