24-11-27.15:17:46.005 [main            ] INFO  RuleTreeLogicTest      - Starting RuleTreeLogicTest using Java 1.8.0_151 on mile with PID 22492 (started by aaa in D:\Develop\project\rem-market\market-app)
24-11-27.15:17:46.006 [main            ] INFO  RuleTreeLogicTest      - The following 1 profile is active: "dev"
24-11-27.15:17:46.829 [main            ] INFO  RepositoryConfigurationDelegate - Multiple Spring Data modules found, entering strict repository configuration mode
24-11-27.15:17:46.832 [main            ] INFO  RepositoryConfigurationDelegate - Bootstrapping Spring Data Redis repositories in DEFAULT mode.
24-11-27.15:17:46.872 [main            ] INFO  RepositoryConfigurationDelegate - Finished Spring Data repository scanning in 27 ms. Found 0 Redis repository interfaces.
24-11-27.15:17:47.834 [main            ] INFO  Version                - Redisson 3.26.0
24-11-27.15:17:48.750 [redisson-netty-1-4] INFO  ConnectionsHolder      - 1 connections initialized for 110.41.180.185/110.41.180.185:6379
24-11-27.15:17:49.204 [redisson-netty-1-13] INFO  ConnectionsHolder      - 5 connections initialized for 110.41.180.185/110.41.180.185:6379
24-11-27.15:17:51.385 [main            ] WARN  GenericWebApplicationContext - Exception encountered during context initialization - cancelling refresh attempt: org.springframework.beans.factory.UnsatisfiedDependencyException: Error creating bean with name 'strategyRepository' defined in file [D:\Develop\project\rem-market\market-infrastructure\target\classes\top\javarem\infrastructure\adapter\repository\StrategyRepository.class]: Unsatisfied dependency expressed through constructor parameter 6; nested exception is org.springframework.beans.factory.NoSuchBeanDefinitionException: No qualifying bean of type 'top.javarem.infrastructure.dao.Iservice.IRuleTreeNodeService' available: expected at least 1 bean which qualifies as autowire candidate. Dependency annotations: {}
24-11-27.15:17:51.475 [main            ] INFO  ConditionEvaluationReportLoggingListener - 

Error starting ApplicationContext. To display the conditions report re-run your application with 'debug' enabled.
24-11-27.15:17:51.500 [main            ] ERROR LoggingFailureAnalysisReporter - 

***************************
APPLICATION FAILED TO START
***************************

Description:

Parameter 6 of constructor in top.javarem.infrastructure.adapter.repository.StrategyRepository required a bean of type 'top.javarem.infrastructure.dao.Iservice.IRuleTreeNodeService' that could not be found.


Action:

Consider defining a bean of type 'top.javarem.infrastructure.dao.Iservice.IRuleTreeNodeService' in your configuration.

24-11-27.15:17:51.503 [main            ] ERROR TestContextManager     - Caught exception while allowing TestExecutionListener [org.springframework.test.context.web.ServletTestExecutionListener@2892d68] to prepare test instance [top.javarem.RuleTreeLogicTest@3b6c2be6]
java.lang.IllegalStateException: Failed to load ApplicationContext
	at org.springframework.test.context.cache.DefaultCacheAwareContextLoaderDelegate.loadContext(DefaultCacheAwareContextLoaderDelegate.java:98)
	at org.springframework.test.context.support.DefaultTestContext.getApplicationContext(DefaultTestContext.java:124)
	at org.springframework.test.context.web.ServletTestExecutionListener.setUpRequestContextIfNecessary(ServletTestExecutionListener.java:190)
	at org.springframework.test.context.web.ServletTestExecutionListener.prepareTestInstance(ServletTestExecutionListener.java:132)
	at org.springframework.test.context.TestContextManager.prepareTestInstance(TestContextManager.java:248)
	at org.springframework.test.context.junit.jupiter.SpringExtension.postProcessTestInstance(SpringExtension.java:138)
	at org.junit.jupiter.engine.descriptor.ClassBasedTestDescriptor.lambda$invokeTestInstancePostProcessors$8(ClassBasedTestDescriptor.java:363)
	at org.junit.jupiter.engine.descriptor.ClassBasedTestDescriptor.executeAndMaskThrowable(ClassBasedTestDescriptor.java:368)
	at org.junit.jupiter.engine.descriptor.ClassBasedTestDescriptor.lambda$invokeTestInstancePostProcessors$9(ClassBasedTestDescriptor.java:363)
	at java.util.stream.ReferencePipeline$3$1.accept(ReferencePipeline.java:193)
	at java.util.stream.ReferencePipeline$2$1.accept(ReferencePipeline.java:175)
	at java.util.ArrayList$ArrayListSpliterator.forEachRemaining(ArrayList.java:1380)
	at java.util.stream.AbstractPipeline.copyInto(AbstractPipeline.java:481)
	at java.util.stream.AbstractPipeline.wrapAndCopyInto(AbstractPipeline.java:471)
	at java.util.stream.StreamSpliterators$WrappingSpliterator.forEachRemaining(StreamSpliterators.java:312)
	at java.util.stream.Streams$ConcatSpliterator.forEachRemaining(Streams.java:743)
	at java.util.stream.Streams$ConcatSpliterator.forEachRemaining(Streams.java:742)
	at java.util.stream.ReferencePipeline$Head.forEach(ReferencePipeline.java:580)
	at org.junit.jupiter.engine.descriptor.ClassBasedTestDescriptor.invokeTestInstancePostProcessors(ClassBasedTestDescriptor.java:362)
	at org.junit.jupiter.engine.descriptor.ClassBasedTestDescriptor.lambda$instantiateAndPostProcessTestInstance$6(ClassBasedTestDescriptor.java:283)
	at org.junit.platform.engine.support.hierarchical.ThrowableCollector.execute(ThrowableCollector.java:73)
	at org.junit.jupiter.engine.descriptor.ClassBasedTestDescriptor.instantiateAndPostProcessTestInstance(ClassBasedTestDescriptor.java:282)
	at org.junit.jupiter.engine.descriptor.ClassBasedTestDescriptor.lambda$testInstancesProvider$4(ClassBasedTestDescriptor.java:272)
	at java.util.Optional.orElseGet(Optional.java:267)
	at org.junit.jupiter.engine.descriptor.ClassBasedTestDescriptor.lambda$testInstancesProvider$5(ClassBasedTestDescriptor.java:271)
	at org.junit.jupiter.engine.execution.TestInstancesProvider.getTestInstances(TestInstancesProvider.java:31)
	at org.junit.jupiter.engine.descriptor.TestMethodTestDescriptor.lambda$prepare$0(TestMethodTestDescriptor.java:102)
	at org.junit.platform.engine.support.hierarchical.ThrowableCollector.execute(ThrowableCollector.java:73)
	at org.junit.jupiter.engine.descriptor.TestMethodTestDescriptor.prepare(TestMethodTestDescriptor.java:101)
	at org.junit.jupiter.engine.descriptor.TestMethodTestDescriptor.prepare(TestMethodTestDescriptor.java:66)
	at org.junit.platform.engine.support.hierarchical.NodeTestTask.lambda$prepare$2(NodeTestTask.java:123)
	at org.junit.platform.engine.support.hierarchical.ThrowableCollector.execute(ThrowableCollector.java:73)
	at org.junit.platform.engine.support.hierarchical.NodeTestTask.prepare(NodeTestTask.java:123)
	at org.junit.platform.engine.support.hierarchical.NodeTestTask.execute(NodeTestTask.java:90)
	at java.util.ArrayList.forEach(ArrayList.java:1255)
	at org.junit.platform.engine.support.hierarchical.SameThreadHierarchicalTestExecutorService.invokeAll(SameThreadHierarchicalTestExecutorService.java:41)
	at org.junit.platform.engine.support.hierarchical.NodeTestTask.lambda$executeRecursively$6(NodeTestTask.java:155)
	at org.junit.platform.engine.support.hierarchical.ThrowableCollector.execute(ThrowableCollector.java:73)
	at org.junit.platform.engine.support.hierarchical.NodeTestTask.lambda$executeRecursively$8(NodeTestTask.java:141)
	at org.junit.platform.engine.support.hierarchical.Node.around(Node.java:137)
	at org.junit.platform.engine.support.hierarchical.NodeTestTask.lambda$executeRecursively$9(NodeTestTask.java:139)
	at org.junit.platform.engine.support.hierarchical.ThrowableCollector.execute(ThrowableCollector.java:73)
	at org.junit.platform.engine.support.hierarchical.NodeTestTask.executeRecursively(NodeTestTask.java:138)
	at org.junit.platform.engine.support.hierarchical.NodeTestTask.execute(NodeTestTask.java:95)
	at java.util.ArrayList.forEach(ArrayList.java:1255)
	at org.junit.platform.engine.support.hierarchical.SameThreadHierarchicalTestExecutorService.invokeAll(SameThreadHierarchicalTestExecutorService.java:41)
	at org.junit.platform.engine.support.hierarchical.NodeTestTask.lambda$executeRecursively$6(NodeTestTask.java:155)
	at org.junit.platform.engine.support.hierarchical.ThrowableCollector.execute(ThrowableCollector.java:73)
	at org.junit.platform.engine.support.hierarchical.NodeTestTask.lambda$executeRecursively$8(NodeTestTask.java:141)
	at org.junit.platform.engine.support.hierarchical.Node.around(Node.java:137)
	at org.junit.platform.engine.support.hierarchical.NodeTestTask.lambda$executeRecursively$9(NodeTestTask.java:139)
	at org.junit.platform.engine.support.hierarchical.ThrowableCollector.execute(ThrowableCollector.java:73)
	at org.junit.platform.engine.support.hierarchical.NodeTestTask.executeRecursively(NodeTestTask.java:138)
	at org.junit.platform.engine.support.hierarchical.NodeTestTask.execute(NodeTestTask.java:95)
	at org.junit.platform.engine.support.hierarchical.SameThreadHierarchicalTestExecutorService.submit(SameThreadHierarchicalTestExecutorService.java:35)
	at org.junit.platform.engine.support.hierarchical.HierarchicalTestExecutor.execute(HierarchicalTestExecutor.java:57)
	at org.junit.platform.engine.support.hierarchical.HierarchicalTestEngine.execute(HierarchicalTestEngine.java:54)
	at org.junit.platform.launcher.core.EngineExecutionOrchestrator.execute(EngineExecutionOrchestrator.java:107)
	at org.junit.platform.launcher.core.EngineExecutionOrchestrator.execute(EngineExecutionOrchestrator.java:88)
	at org.junit.platform.launcher.core.EngineExecutionOrchestrator.lambda$execute$0(EngineExecutionOrchestrator.java:54)
	at org.junit.platform.launcher.core.EngineExecutionOrchestrator.withInterceptedStreams(EngineExecutionOrchestrator.java:67)
	at org.junit.platform.launcher.core.EngineExecutionOrchestrator.execute(EngineExecutionOrchestrator.java:52)
	at org.junit.platform.launcher.core.DefaultLauncher.execute(DefaultLauncher.java:114)
	at org.junit.platform.launcher.core.DefaultLauncher.execute(DefaultLauncher.java:86)
	at org.junit.platform.launcher.core.DefaultLauncherSession$DelegatingLauncher.execute(DefaultLauncherSession.java:86)
	at org.junit.platform.launcher.core.SessionPerRequestLauncher.execute(SessionPerRequestLauncher.java:53)
	at com.intellij.junit5.JUnit5IdeaTestRunner.startRunnerWithArgs(JUnit5IdeaTestRunner.java:57)
	at com.intellij.rt.junit.IdeaTestRunner$Repeater$1.execute(IdeaTestRunner.java:38)
	at com.intellij.rt.execution.junit.TestsRepeater.repeat(TestsRepeater.java:11)
	at com.intellij.rt.junit.IdeaTestRunner$Repeater.startRunnerWithArgs(IdeaTestRunner.java:35)
	at com.intellij.rt.junit.JUnitStarter.prepareStreamsAndStart(JUnitStarter.java:232)
	at com.intellij.rt.junit.JUnitStarter.main(JUnitStarter.java:55)
Caused by: org.springframework.beans.factory.UnsatisfiedDependencyException: Error creating bean with name 'strategyRepository' defined in file [D:\Develop\project\rem-market\market-infrastructure\target\classes\top\javarem\infrastructure\adapter\repository\StrategyRepository.class]: Unsatisfied dependency expressed through constructor parameter 6; nested exception is org.springframework.beans.factory.NoSuchBeanDefinitionException: No qualifying bean of type 'top.javarem.infrastructure.dao.Iservice.IRuleTreeNodeService' available: expected at least 1 bean which qualifies as autowire candidate. Dependency annotations: {}
	at org.springframework.beans.factory.support.ConstructorResolver.createArgumentArray(ConstructorResolver.java:800)
	at org.springframework.beans.factory.support.ConstructorResolver.autowireConstructor(ConstructorResolver.java:229)
	at org.springframework.beans.factory.support.AbstractAutowireCapableBeanFactory.autowireConstructor(AbstractAutowireCapableBeanFactory.java:1372)
	at org.springframework.beans.factory.support.AbstractAutowireCapableBeanFactory.createBeanInstance(AbstractAutowireCapableBeanFactory.java:1222)
	at org.springframework.beans.factory.support.AbstractAutowireCapableBeanFactory.doCreateBean(AbstractAutowireCapableBeanFactory.java:582)
	at org.springframework.beans.factory.support.AbstractAutowireCapableBeanFactory.createBean(AbstractAutowireCapableBeanFactory.java:542)
	at org.springframework.beans.factory.support.AbstractBeanFactory.lambda$doGetBean$0(AbstractBeanFactory.java:335)
	at org.springframework.beans.factory.support.DefaultSingletonBeanRegistry.getSingleton(DefaultSingletonBeanRegistry.java:234)
	at org.springframework.beans.factory.support.AbstractBeanFactory.doGetBean(AbstractBeanFactory.java:333)
	at org.springframework.beans.factory.support.AbstractBeanFactory.getBean(AbstractBeanFactory.java:208)
	at org.springframework.beans.factory.support.DefaultListableBeanFactory.preInstantiateSingletons(DefaultListableBeanFactory.java:955)
	at org.springframework.context.support.AbstractApplicationContext.finishBeanFactoryInitialization(AbstractApplicationContext.java:920)
	at org.springframework.context.support.AbstractApplicationContext.refresh(AbstractApplicationContext.java:583)
	at org.springframework.boot.SpringApplication.refresh(SpringApplication.java:731)
	at org.springframework.boot.SpringApplication.refreshContext(SpringApplication.java:408)
	at org.springframework.boot.SpringApplication.run(SpringApplication.java:307)
	at org.springframework.boot.test.context.SpringBootContextLoader.loadContext(SpringBootContextLoader.java:136)
	at org.springframework.test.context.cache.DefaultCacheAwareContextLoaderDelegate.loadContextInternal(DefaultCacheAwareContextLoaderDelegate.java:141)
	at org.springframework.test.context.cache.DefaultCacheAwareContextLoaderDelegate.loadContext(DefaultCacheAwareContextLoaderDelegate.java:90)
	... 71 common frames omitted
Caused by: org.springframework.beans.factory.NoSuchBeanDefinitionException: No qualifying bean of type 'top.javarem.infrastructure.dao.Iservice.IRuleTreeNodeService' available: expected at least 1 bean which qualifies as autowire candidate. Dependency annotations: {}
	at org.springframework.beans.factory.support.DefaultListableBeanFactory.raiseNoMatchingBeanFound(DefaultListableBeanFactory.java:1801)
	at org.springframework.beans.factory.support.DefaultListableBeanFactory.doResolveDependency(DefaultListableBeanFactory.java:1357)
	at org.springframework.beans.factory.support.DefaultListableBeanFactory.resolveDependency(DefaultListableBeanFactory.java:1311)
	at org.springframework.beans.factory.support.ConstructorResolver.resolveAutowiredArgument(ConstructorResolver.java:887)
	at org.springframework.beans.factory.support.ConstructorResolver.createArgumentArray(ConstructorResolver.java:791)
	... 89 common frames omitted
24-11-27.15:19:10.456 [main            ] INFO  RuleTreeLogicTest      - Starting RuleTreeLogicTest using Java 1.8.0_151 on mile with PID 16248 (started by aaa in D:\Develop\project\rem-market\market-app)
24-11-27.15:19:10.458 [main            ] INFO  RuleTreeLogicTest      - The following 1 profile is active: "dev"
24-11-27.15:19:11.139 [main            ] INFO  RepositoryConfigurationDelegate - Multiple Spring Data modules found, entering strict repository configuration mode
24-11-27.15:19:11.141 [main            ] INFO  RepositoryConfigurationDelegate - Bootstrapping Spring Data Redis repositories in DEFAULT mode.
24-11-27.15:19:11.176 [main            ] INFO  RepositoryConfigurationDelegate - Finished Spring Data repository scanning in 24 ms. Found 0 Redis repository interfaces.
24-11-27.15:19:12.586 [main            ] INFO  Version                - Redisson 3.26.0
24-11-27.15:19:13.484 [redisson-netty-1-4] INFO  ConnectionsHolder      - 1 connections initialized for 110.41.180.185/110.41.180.185:6379
24-11-27.15:19:13.887 [redisson-netty-1-13] INFO  ConnectionsHolder      - 5 connections initialized for 110.41.180.185/110.41.180.185:6379
24-11-27.15:19:16.006 [main            ] WARN  GenericWebApplicationContext - Exception encountered during context initialization - cancelling refresh attempt: org.springframework.beans.factory.UnsatisfiedDependencyException: Error creating bean with name 'strategyRepository' defined in file [D:\Develop\project\rem-market\market-infrastructure\target\classes\top\javarem\infrastructure\adapter\repository\StrategyRepository.class]: Unsatisfied dependency expressed through constructor parameter 6; nested exception is org.springframework.beans.factory.NoSuchBeanDefinitionException: No qualifying bean of type 'top.javarem.infrastructure.dao.Iservice.IRuleTreeNodeService' available: expected at least 1 bean which qualifies as autowire candidate. Dependency annotations: {}
24-11-27.15:19:16.150 [main            ] INFO  ConditionEvaluationReportLoggingListener - 

Error starting ApplicationContext. To display the conditions report re-run your application with 'debug' enabled.
24-11-27.15:19:16.170 [main            ] ERROR LoggingFailureAnalysisReporter - 

***************************
APPLICATION FAILED TO START
***************************

Description:

Parameter 6 of constructor in top.javarem.infrastructure.adapter.repository.StrategyRepository required a bean of type 'top.javarem.infrastructure.dao.Iservice.IRuleTreeNodeService' that could not be found.


Action:

Consider defining a bean of type 'top.javarem.infrastructure.dao.Iservice.IRuleTreeNodeService' in your configuration.

24-11-27.15:19:16.173 [main            ] ERROR TestContextManager     - Caught exception while allowing TestExecutionListener [org.springframework.test.context.web.ServletTestExecutionListener@710636b0] to prepare test instance [top.javarem.RuleTreeLogicTest@64440065]
java.lang.IllegalStateException: Failed to load ApplicationContext
	at org.springframework.test.context.cache.DefaultCacheAwareContextLoaderDelegate.loadContext(DefaultCacheAwareContextLoaderDelegate.java:98)
	at org.springframework.test.context.support.DefaultTestContext.getApplicationContext(DefaultTestContext.java:124)
	at org.springframework.test.context.web.ServletTestExecutionListener.setUpRequestContextIfNecessary(ServletTestExecutionListener.java:190)
	at org.springframework.test.context.web.ServletTestExecutionListener.prepareTestInstance(ServletTestExecutionListener.java:132)
	at org.springframework.test.context.TestContextManager.prepareTestInstance(TestContextManager.java:248)
	at org.springframework.test.context.junit.jupiter.SpringExtension.postProcessTestInstance(SpringExtension.java:138)
	at org.junit.jupiter.engine.descriptor.ClassBasedTestDescriptor.lambda$invokeTestInstancePostProcessors$8(ClassBasedTestDescriptor.java:363)
	at org.junit.jupiter.engine.descriptor.ClassBasedTestDescriptor.executeAndMaskThrowable(ClassBasedTestDescriptor.java:368)
	at org.junit.jupiter.engine.descriptor.ClassBasedTestDescriptor.lambda$invokeTestInstancePostProcessors$9(ClassBasedTestDescriptor.java:363)
	at java.util.stream.ReferencePipeline$3$1.accept(ReferencePipeline.java:193)
	at java.util.stream.ReferencePipeline$2$1.accept(ReferencePipeline.java:175)
	at java.util.ArrayList$ArrayListSpliterator.forEachRemaining(ArrayList.java:1380)
	at java.util.stream.AbstractPipeline.copyInto(AbstractPipeline.java:481)
	at java.util.stream.AbstractPipeline.wrapAndCopyInto(AbstractPipeline.java:471)
	at java.util.stream.StreamSpliterators$WrappingSpliterator.forEachRemaining(StreamSpliterators.java:312)
	at java.util.stream.Streams$ConcatSpliterator.forEachRemaining(Streams.java:743)
	at java.util.stream.Streams$ConcatSpliterator.forEachRemaining(Streams.java:742)
	at java.util.stream.ReferencePipeline$Head.forEach(ReferencePipeline.java:580)
	at org.junit.jupiter.engine.descriptor.ClassBasedTestDescriptor.invokeTestInstancePostProcessors(ClassBasedTestDescriptor.java:362)
	at org.junit.jupiter.engine.descriptor.ClassBasedTestDescriptor.lambda$instantiateAndPostProcessTestInstance$6(ClassBasedTestDescriptor.java:283)
	at org.junit.platform.engine.support.hierarchical.ThrowableCollector.execute(ThrowableCollector.java:73)
	at org.junit.jupiter.engine.descriptor.ClassBasedTestDescriptor.instantiateAndPostProcessTestInstance(ClassBasedTestDescriptor.java:282)
	at org.junit.jupiter.engine.descriptor.ClassBasedTestDescriptor.lambda$testInstancesProvider$4(ClassBasedTestDescriptor.java:272)
	at java.util.Optional.orElseGet(Optional.java:267)
	at org.junit.jupiter.engine.descriptor.ClassBasedTestDescriptor.lambda$testInstancesProvider$5(ClassBasedTestDescriptor.java:271)
	at org.junit.jupiter.engine.execution.TestInstancesProvider.getTestInstances(TestInstancesProvider.java:31)
	at org.junit.jupiter.engine.descriptor.TestMethodTestDescriptor.lambda$prepare$0(TestMethodTestDescriptor.java:102)
	at org.junit.platform.engine.support.hierarchical.ThrowableCollector.execute(ThrowableCollector.java:73)
	at org.junit.jupiter.engine.descriptor.TestMethodTestDescriptor.prepare(TestMethodTestDescriptor.java:101)
	at org.junit.jupiter.engine.descriptor.TestMethodTestDescriptor.prepare(TestMethodTestDescriptor.java:66)
	at org.junit.platform.engine.support.hierarchical.NodeTestTask.lambda$prepare$2(NodeTestTask.java:123)
	at org.junit.platform.engine.support.hierarchical.ThrowableCollector.execute(ThrowableCollector.java:73)
	at org.junit.platform.engine.support.hierarchical.NodeTestTask.prepare(NodeTestTask.java:123)
	at org.junit.platform.engine.support.hierarchical.NodeTestTask.execute(NodeTestTask.java:90)
	at java.util.ArrayList.forEach(ArrayList.java:1255)
	at org.junit.platform.engine.support.hierarchical.SameThreadHierarchicalTestExecutorService.invokeAll(SameThreadHierarchicalTestExecutorService.java:41)
	at org.junit.platform.engine.support.hierarchical.NodeTestTask.lambda$executeRecursively$6(NodeTestTask.java:155)
	at org.junit.platform.engine.support.hierarchical.ThrowableCollector.execute(ThrowableCollector.java:73)
	at org.junit.platform.engine.support.hierarchical.NodeTestTask.lambda$executeRecursively$8(NodeTestTask.java:141)
	at org.junit.platform.engine.support.hierarchical.Node.around(Node.java:137)
	at org.junit.platform.engine.support.hierarchical.NodeTestTask.lambda$executeRecursively$9(NodeTestTask.java:139)
	at org.junit.platform.engine.support.hierarchical.ThrowableCollector.execute(ThrowableCollector.java:73)
	at org.junit.platform.engine.support.hierarchical.NodeTestTask.executeRecursively(NodeTestTask.java:138)
	at org.junit.platform.engine.support.hierarchical.NodeTestTask.execute(NodeTestTask.java:95)
	at java.util.ArrayList.forEach(ArrayList.java:1255)
	at org.junit.platform.engine.support.hierarchical.SameThreadHierarchicalTestExecutorService.invokeAll(SameThreadHierarchicalTestExecutorService.java:41)
	at org.junit.platform.engine.support.hierarchical.NodeTestTask.lambda$executeRecursively$6(NodeTestTask.java:155)
	at org.junit.platform.engine.support.hierarchical.ThrowableCollector.execute(ThrowableCollector.java:73)
	at org.junit.platform.engine.support.hierarchical.NodeTestTask.lambda$executeRecursively$8(NodeTestTask.java:141)
	at org.junit.platform.engine.support.hierarchical.Node.around(Node.java:137)
	at org.junit.platform.engine.support.hierarchical.NodeTestTask.lambda$executeRecursively$9(NodeTestTask.java:139)
	at org.junit.platform.engine.support.hierarchical.ThrowableCollector.execute(ThrowableCollector.java:73)
	at org.junit.platform.engine.support.hierarchical.NodeTestTask.executeRecursively(NodeTestTask.java:138)
	at org.junit.platform.engine.support.hierarchical.NodeTestTask.execute(NodeTestTask.java:95)
	at org.junit.platform.engine.support.hierarchical.SameThreadHierarchicalTestExecutorService.submit(SameThreadHierarchicalTestExecutorService.java:35)
	at org.junit.platform.engine.support.hierarchical.HierarchicalTestExecutor.execute(HierarchicalTestExecutor.java:57)
	at org.junit.platform.engine.support.hierarchical.HierarchicalTestEngine.execute(HierarchicalTestEngine.java:54)
	at org.junit.platform.launcher.core.EngineExecutionOrchestrator.execute(EngineExecutionOrchestrator.java:107)
	at org.junit.platform.launcher.core.EngineExecutionOrchestrator.execute(EngineExecutionOrchestrator.java:88)
	at org.junit.platform.launcher.core.EngineExecutionOrchestrator.lambda$execute$0(EngineExecutionOrchestrator.java:54)
	at org.junit.platform.launcher.core.EngineExecutionOrchestrator.withInterceptedStreams(EngineExecutionOrchestrator.java:67)
	at org.junit.platform.launcher.core.EngineExecutionOrchestrator.execute(EngineExecutionOrchestrator.java:52)
	at org.junit.platform.launcher.core.DefaultLauncher.execute(DefaultLauncher.java:114)
	at org.junit.platform.launcher.core.DefaultLauncher.execute(DefaultLauncher.java:86)
	at org.junit.platform.launcher.core.DefaultLauncherSession$DelegatingLauncher.execute(DefaultLauncherSession.java:86)
	at org.junit.platform.launcher.core.SessionPerRequestLauncher.execute(SessionPerRequestLauncher.java:53)
	at com.intellij.junit5.JUnit5IdeaTestRunner.startRunnerWithArgs(JUnit5IdeaTestRunner.java:57)
	at com.intellij.rt.junit.IdeaTestRunner$Repeater$1.execute(IdeaTestRunner.java:38)
	at com.intellij.rt.execution.junit.TestsRepeater.repeat(TestsRepeater.java:11)
	at com.intellij.rt.junit.IdeaTestRunner$Repeater.startRunnerWithArgs(IdeaTestRunner.java:35)
	at com.intellij.rt.junit.JUnitStarter.prepareStreamsAndStart(JUnitStarter.java:232)
	at com.intellij.rt.junit.JUnitStarter.main(JUnitStarter.java:55)
Caused by: org.springframework.beans.factory.UnsatisfiedDependencyException: Error creating bean with name 'strategyRepository' defined in file [D:\Develop\project\rem-market\market-infrastructure\target\classes\top\javarem\infrastructure\adapter\repository\StrategyRepository.class]: Unsatisfied dependency expressed through constructor parameter 6; nested exception is org.springframework.beans.factory.NoSuchBeanDefinitionException: No qualifying bean of type 'top.javarem.infrastructure.dao.Iservice.IRuleTreeNodeService' available: expected at least 1 bean which qualifies as autowire candidate. Dependency annotations: {}
	at org.springframework.beans.factory.support.ConstructorResolver.createArgumentArray(ConstructorResolver.java:800)
	at org.springframework.beans.factory.support.ConstructorResolver.autowireConstructor(ConstructorResolver.java:229)
	at org.springframework.beans.factory.support.AbstractAutowireCapableBeanFactory.autowireConstructor(AbstractAutowireCapableBeanFactory.java:1372)
	at org.springframework.beans.factory.support.AbstractAutowireCapableBeanFactory.createBeanInstance(AbstractAutowireCapableBeanFactory.java:1222)
	at org.springframework.beans.factory.support.AbstractAutowireCapableBeanFactory.doCreateBean(AbstractAutowireCapableBeanFactory.java:582)
	at org.springframework.beans.factory.support.AbstractAutowireCapableBeanFactory.createBean(AbstractAutowireCapableBeanFactory.java:542)
	at org.springframework.beans.factory.support.AbstractBeanFactory.lambda$doGetBean$0(AbstractBeanFactory.java:335)
	at org.springframework.beans.factory.support.DefaultSingletonBeanRegistry.getSingleton(DefaultSingletonBeanRegistry.java:234)
	at org.springframework.beans.factory.support.AbstractBeanFactory.doGetBean(AbstractBeanFactory.java:333)
	at org.springframework.beans.factory.support.AbstractBeanFactory.getBean(AbstractBeanFactory.java:208)
	at org.springframework.beans.factory.support.DefaultListableBeanFactory.preInstantiateSingletons(DefaultListableBeanFactory.java:955)
	at org.springframework.context.support.AbstractApplicationContext.finishBeanFactoryInitialization(AbstractApplicationContext.java:920)
	at org.springframework.context.support.AbstractApplicationContext.refresh(AbstractApplicationContext.java:583)
	at org.springframework.boot.SpringApplication.refresh(SpringApplication.java:731)
	at org.springframework.boot.SpringApplication.refreshContext(SpringApplication.java:408)
	at org.springframework.boot.SpringApplication.run(SpringApplication.java:307)
	at org.springframework.boot.test.context.SpringBootContextLoader.loadContext(SpringBootContextLoader.java:136)
	at org.springframework.test.context.cache.DefaultCacheAwareContextLoaderDelegate.loadContextInternal(DefaultCacheAwareContextLoaderDelegate.java:141)
	at org.springframework.test.context.cache.DefaultCacheAwareContextLoaderDelegate.loadContext(DefaultCacheAwareContextLoaderDelegate.java:90)
	... 71 common frames omitted
Caused by: org.springframework.beans.factory.NoSuchBeanDefinitionException: No qualifying bean of type 'top.javarem.infrastructure.dao.Iservice.IRuleTreeNodeService' available: expected at least 1 bean which qualifies as autowire candidate. Dependency annotations: {}
	at org.springframework.beans.factory.support.DefaultListableBeanFactory.raiseNoMatchingBeanFound(DefaultListableBeanFactory.java:1801)
	at org.springframework.beans.factory.support.DefaultListableBeanFactory.doResolveDependency(DefaultListableBeanFactory.java:1357)
	at org.springframework.beans.factory.support.DefaultListableBeanFactory.resolveDependency(DefaultListableBeanFactory.java:1311)
	at org.springframework.beans.factory.support.ConstructorResolver.resolveAutowiredArgument(ConstructorResolver.java:887)
	at org.springframework.beans.factory.support.ConstructorResolver.createArgumentArray(ConstructorResolver.java:791)
	... 89 common frames omitted
24-11-27.15:21:03.586 [main            ] INFO  RuleTreeLogicTest      - Starting RuleTreeLogicTest using Java 1.8.0_151 on mile with PID 4904 (started by aaa in D:\Develop\project\rem-market\market-app)
24-11-27.15:21:03.588 [main            ] INFO  RuleTreeLogicTest      - The following 1 profile is active: "dev"
24-11-27.15:21:04.274 [main            ] INFO  RepositoryConfigurationDelegate - Multiple Spring Data modules found, entering strict repository configuration mode
24-11-27.15:21:04.277 [main            ] INFO  RepositoryConfigurationDelegate - Bootstrapping Spring Data Redis repositories in DEFAULT mode.
24-11-27.15:21:04.312 [main            ] INFO  RepositoryConfigurationDelegate - Finished Spring Data repository scanning in 25 ms. Found 0 Redis repository interfaces.
24-11-27.15:21:05.729 [main            ] INFO  Version                - Redisson 3.26.0
24-11-27.15:21:06.636 [redisson-netty-1-4] INFO  ConnectionsHolder      - 1 connections initialized for 110.41.180.185/110.41.180.185:6379
24-11-27.15:21:07.078 [redisson-netty-1-13] INFO  ConnectionsHolder      - 5 connections initialized for 110.41.180.185/110.41.180.185:6379
24-11-27.15:21:10.666 [main            ] INFO  EndpointLinksResolver  - Exposing 1 endpoint(s) beneath base path '/actuator'
24-11-27.15:21:10.719 [main            ] INFO  RuleTreeLogicTest      - Started RuleTreeLogicTest in 7.526 seconds (JVM running for 8.583)
24-11-27.15:23:03.983 [main            ] INFO  RuleTreeLogicTest      - Starting RuleTreeLogicTest using Java 1.8.0_151 on mile with PID 12956 (started by aaa in D:\Develop\project\rem-market\market-app)
24-11-27.15:23:03.984 [main            ] INFO  RuleTreeLogicTest      - The following 1 profile is active: "dev"
24-11-27.15:23:04.738 [main            ] INFO  RepositoryConfigurationDelegate - Multiple Spring Data modules found, entering strict repository configuration mode
24-11-27.15:23:04.740 [main            ] INFO  RepositoryConfigurationDelegate - Bootstrapping Spring Data Redis repositories in DEFAULT mode.
24-11-27.15:23:04.777 [main            ] INFO  RepositoryConfigurationDelegate - Finished Spring Data repository scanning in 26 ms. Found 0 Redis repository interfaces.
24-11-27.15:23:06.409 [main            ] INFO  Version                - Redisson 3.26.0
24-11-27.15:23:07.362 [redisson-netty-1-6] INFO  ConnectionsHolder      - 1 connections initialized for 110.41.180.185/110.41.180.185:6379
24-11-27.15:23:07.707 [redisson-netty-1-13] INFO  ConnectionsHolder      - 5 connections initialized for 110.41.180.185/110.41.180.185:6379
24-11-27.15:23:11.538 [main            ] INFO  EndpointLinksResolver  - Exposing 1 endpoint(s) beneath base path '/actuator'
24-11-27.15:23:11.597 [main            ] INFO  RuleTreeLogicTest      - Started RuleTreeLogicTest in 8.026 seconds (JVM running for 9.752)
24-11-27.15:27:48.478 [main            ] INFO  RuleTreeLogicTest      - Starting RuleTreeLogicTest using Java 1.8.0_151 on mile with PID 25408 (started by aaa in D:\Develop\project\rem-market\market-app)
24-11-27.15:27:48.479 [main            ] INFO  RuleTreeLogicTest      - The following 1 profile is active: "dev"
24-11-27.15:27:49.261 [main            ] INFO  RepositoryConfigurationDelegate - Multiple Spring Data modules found, entering strict repository configuration mode
24-11-27.15:27:49.263 [main            ] INFO  RepositoryConfigurationDelegate - Bootstrapping Spring Data Redis repositories in DEFAULT mode.
24-11-27.15:27:49.303 [main            ] INFO  RepositoryConfigurationDelegate - Finished Spring Data repository scanning in 27 ms. Found 0 Redis repository interfaces.
24-11-27.15:27:50.904 [main            ] INFO  Version                - Redisson 3.26.0
24-11-27.15:27:51.841 [redisson-netty-1-4] INFO  ConnectionsHolder      - 1 connections initialized for 110.41.180.185/110.41.180.185:6379
24-11-27.15:27:52.243 [redisson-netty-1-13] INFO  ConnectionsHolder      - 5 connections initialized for 110.41.180.185/110.41.180.185:6379
24-11-27.15:27:56.058 [main            ] INFO  EndpointLinksResolver  - Exposing 1 endpoint(s) beneath base path '/actuator'
24-11-27.15:27:56.115 [main            ] INFO  RuleTreeLogicTest      - Started RuleTreeLogicTest in 8.08 seconds (JVM running for 9.53)
24-11-27.15:32:34.184 [redisson-timer-4-1] ERROR PingConnectionHandler  - Unable to send PING command over channel: [id: 0x3d6e8bfb, L:/192.168.5.22:51646 - R:110.41.180.185/110.41.180.185:6379]
org.redisson.client.RedisTimeoutException: Command execution timeout for command: (PING), params: [], Redis client: [addr=redis://110.41.180.185:6379]
	at org.redisson.client.RedisConnection.lambda$async$0(RedisConnection.java:253)
	at io.netty.util.HashedWheelTimer$HashedWheelTimeout.run(HashedWheelTimer.java:715)
	at io.netty.util.concurrent.ImmediateExecutor.execute(ImmediateExecutor.java:34)
	at io.netty.util.HashedWheelTimer$HashedWheelTimeout.expire(HashedWheelTimer.java:703)
	at io.netty.util.HashedWheelTimer$HashedWheelBucket.expireTimeouts(HashedWheelTimer.java:790)
	at io.netty.util.HashedWheelTimer$Worker.run(HashedWheelTimer.java:503)
	at io.netty.util.concurrent.FastThreadLocalRunnable.run(FastThreadLocalRunnable.java:30)
	at java.lang.Thread.run(Thread.java:748)
24-11-27.15:33:00.372 [main            ] INFO  RuleTreeLogicTest      - Starting RuleTreeLogicTest using Java 1.8.0_151 on mile with PID 26712 (started by aaa in D:\Develop\project\rem-market\market-app)
24-11-27.15:33:00.373 [main            ] INFO  RuleTreeLogicTest      - The following 1 profile is active: "dev"
24-11-27.15:33:01.079 [main            ] INFO  RepositoryConfigurationDelegate - Multiple Spring Data modules found, entering strict repository configuration mode
24-11-27.15:33:01.081 [main            ] INFO  RepositoryConfigurationDelegate - Bootstrapping Spring Data Redis repositories in DEFAULT mode.
24-11-27.15:33:01.118 [main            ] INFO  RepositoryConfigurationDelegate - Finished Spring Data repository scanning in 26 ms. Found 0 Redis repository interfaces.
24-11-27.15:33:02.547 [main            ] INFO  Version                - Redisson 3.26.0
24-11-27.15:33:03.446 [redisson-netty-1-4] INFO  ConnectionsHolder      - 1 connections initialized for 110.41.180.185/110.41.180.185:6379
24-11-27.15:33:03.849 [redisson-netty-1-13] INFO  ConnectionsHolder      - 5 connections initialized for 110.41.180.185/110.41.180.185:6379
24-11-27.15:33:07.381 [main            ] INFO  EndpointLinksResolver  - Exposing 1 endpoint(s) beneath base path '/actuator'
24-11-27.15:33:07.430 [main            ] INFO  RuleTreeLogicTest      - Started RuleTreeLogicTest in 7.474 seconds (JVM running for 8.54)
24-11-27.15:33:39.761 [main            ] INFO  RuleTreeLogicTest      - Starting RuleTreeLogicTest using Java 1.8.0_151 on mile with PID 26028 (started by aaa in D:\Develop\project\rem-market\market-app)
24-11-27.15:33:39.763 [main            ] INFO  RuleTreeLogicTest      - The following 1 profile is active: "dev"
24-11-27.15:33:40.516 [main            ] INFO  RepositoryConfigurationDelegate - Multiple Spring Data modules found, entering strict repository configuration mode
24-11-27.15:33:40.519 [main            ] INFO  RepositoryConfigurationDelegate - Bootstrapping Spring Data Redis repositories in DEFAULT mode.
24-11-27.15:33:40.558 [main            ] INFO  RepositoryConfigurationDelegate - Finished Spring Data repository scanning in 28 ms. Found 0 Redis repository interfaces.
24-11-27.15:33:42.055 [main            ] INFO  Version                - Redisson 3.26.0
24-11-27.15:33:42.968 [redisson-netty-1-6] INFO  ConnectionsHolder      - 1 connections initialized for 110.41.180.185/110.41.180.185:6379
24-11-27.15:33:43.378 [redisson-netty-1-13] INFO  ConnectionsHolder      - 5 connections initialized for 110.41.180.185/110.41.180.185:6379
24-11-27.15:33:47.090 [main            ] INFO  EndpointLinksResolver  - Exposing 1 endpoint(s) beneath base path '/actuator'
24-11-27.15:33:47.148 [main            ] INFO  RuleTreeLogicTest      - Started RuleTreeLogicTest in 7.861 seconds (JVM running for 9.191)
24-11-27.15:43:31.328 [main            ] INFO  RuleTreeLogicTest      - Starting RuleTreeLogicTest using Java 1.8.0_151 on mile with PID 9240 (started by aaa in D:\Develop\project\rem-market\market-app)
24-11-27.15:43:31.329 [main            ] INFO  RuleTreeLogicTest      - The following 1 profile is active: "dev"
24-11-27.15:43:32.017 [main            ] INFO  RepositoryConfigurationDelegate - Multiple Spring Data modules found, entering strict repository configuration mode
24-11-27.15:43:32.019 [main            ] INFO  RepositoryConfigurationDelegate - Bootstrapping Spring Data Redis repositories in DEFAULT mode.
24-11-27.15:43:32.054 [main            ] INFO  RepositoryConfigurationDelegate - Finished Spring Data repository scanning in 24 ms. Found 0 Redis repository interfaces.
24-11-27.15:43:33.436 [main            ] INFO  Version                - Redisson 3.26.0
24-11-27.15:43:34.335 [redisson-netty-1-6] INFO  ConnectionsHolder      - 1 connections initialized for 110.41.180.185/110.41.180.185:6379
24-11-27.15:43:34.742 [redisson-netty-1-13] INFO  ConnectionsHolder      - 5 connections initialized for 110.41.180.185/110.41.180.185:6379
24-11-27.15:43:38.051 [main            ] INFO  EndpointLinksResolver  - Exposing 1 endpoint(s) beneath base path '/actuator'
24-11-27.15:43:38.097 [main            ] INFO  RuleTreeLogicTest      - Started RuleTreeLogicTest in 7.173 seconds (JVM running for 8.198)
24-11-27.15:44:12.694 [main            ] INFO  RuleTreeLogicTest      - Starting RuleTreeLogicTest using Java 1.8.0_151 on mile with PID 21364 (started by aaa in D:\Develop\project\rem-market\market-app)
24-11-27.15:44:12.695 [main            ] INFO  RuleTreeLogicTest      - The following 1 profile is active: "dev"
24-11-27.15:44:13.384 [main            ] INFO  RepositoryConfigurationDelegate - Multiple Spring Data modules found, entering strict repository configuration mode
24-11-27.15:44:13.386 [main            ] INFO  RepositoryConfigurationDelegate - Bootstrapping Spring Data Redis repositories in DEFAULT mode.
24-11-27.15:44:13.422 [main            ] INFO  RepositoryConfigurationDelegate - Finished Spring Data repository scanning in 26 ms. Found 0 Redis repository interfaces.
24-11-27.15:44:14.816 [main            ] INFO  Version                - Redisson 3.26.0
24-11-27.15:44:15.709 [redisson-netty-1-4] INFO  ConnectionsHolder      - 1 connections initialized for 110.41.180.185/110.41.180.185:6379
24-11-27.15:44:16.159 [redisson-netty-1-13] INFO  ConnectionsHolder      - 5 connections initialized for 110.41.180.185/110.41.180.185:6379
24-11-27.15:44:19.504 [main            ] INFO  EndpointLinksResolver  - Exposing 1 endpoint(s) beneath base path '/actuator'
24-11-27.15:44:19.555 [main            ] INFO  RuleTreeLogicTest      - Started RuleTreeLogicTest in 7.26 seconds (JVM running for 8.28)
24-11-27.15:44:19.752 [main            ] INFO  RuleTreeLogicTest      - award DefaultTreeFactory.LogicAwardVO(awardId=100, ruleModel=rule_luck_award)
24-11-27.22:15:38.204 [main            ] INFO  RuleTreeLogicTest      - Starting RuleTreeLogicTest using Java 1.8.0_151 on mile with PID 16652 (started by aaa in D:\Develop\project\rem-market\market-app)
24-11-27.22:15:38.206 [main            ] INFO  RuleTreeLogicTest      - The following 1 profile is active: "dev"
24-11-27.22:15:39.082 [main            ] INFO  RepositoryConfigurationDelegate - Multiple Spring Data modules found, entering strict repository configuration mode
24-11-27.22:15:39.085 [main            ] INFO  RepositoryConfigurationDelegate - Bootstrapping Spring Data Redis repositories in DEFAULT mode.
24-11-27.22:15:39.134 [main            ] INFO  RepositoryConfigurationDelegate - Finished Spring Data repository scanning in 33 ms. Found 0 Redis repository interfaces.
24-11-27.22:15:40.163 [main            ] INFO  Version                - Redisson 3.26.0
24-11-27.22:15:41.119 [redisson-netty-1-6] INFO  ConnectionsHolder      - 1 connections initialized for 110.41.180.185/110.41.180.185:6379
24-11-27.22:15:41.461 [redisson-netty-1-13] INFO  ConnectionsHolder      - 5 connections initialized for 110.41.180.185/110.41.180.185:6379
24-11-27.22:15:45.228 [main            ] INFO  EndpointLinksResolver  - Exposing 1 endpoint(s) beneath base path '/actuator'
24-11-27.22:15:45.284 [main            ] INFO  RuleTreeLogicTest      - Started RuleTreeLogicTest in 7.598 seconds (JVM running for 9.122)
24-11-27.22:15:45.673 [main            ] INFO  HikariDataSource       - HikariPool-1 - Starting...
24-11-27.22:15:47.267 [main            ] INFO  HikariDataSource       - HikariPool-1 - Start completed.
24-11-27.22:15:47.456 [SpringApplicationShutdownHook] INFO  HikariDataSource       - HikariPool-1 - Shutdown initiated...
24-11-27.22:15:47.915 [SpringApplicationShutdownHook] INFO  HikariDataSource       - HikariPool-1 - Shutdown completed.
24-11-27.22:17:08.473 [main            ] INFO  RuleTreeLogicTest      - Starting RuleTreeLogicTest using Java 1.8.0_151 on mile with PID 14420 (started by aaa in D:\Develop\project\rem-market\market-app)
24-11-27.22:17:08.474 [main            ] INFO  RuleTreeLogicTest      - The following 1 profile is active: "dev"
24-11-27.22:17:09.199 [main            ] INFO  RepositoryConfigurationDelegate - Multiple Spring Data modules found, entering strict repository configuration mode
24-11-27.22:17:09.201 [main            ] INFO  RepositoryConfigurationDelegate - Bootstrapping Spring Data Redis repositories in DEFAULT mode.
24-11-27.22:17:09.236 [main            ] INFO  RepositoryConfigurationDelegate - Finished Spring Data repository scanning in 25 ms. Found 0 Redis repository interfaces.
24-11-27.22:17:10.674 [main            ] INFO  Version                - Redisson 3.26.0
24-11-27.22:17:11.545 [redisson-netty-1-4] INFO  ConnectionsHolder      - 1 connections initialized for 110.41.180.185/110.41.180.185:6379
24-11-27.22:17:11.987 [redisson-netty-1-13] INFO  ConnectionsHolder      - 5 connections initialized for 110.41.180.185/110.41.180.185:6379
24-11-27.22:17:15.542 [main            ] INFO  EndpointLinksResolver  - Exposing 1 endpoint(s) beneath base path '/actuator'
24-11-27.22:17:15.595 [main            ] INFO  RuleTreeLogicTest      - Started RuleTreeLogicTest in 7.544 seconds (JVM running for 8.641)
24-11-27.22:17:16.038 [main            ] INFO  HikariDataSource       - HikariPool-1 - Starting...
24-11-27.22:17:17.585 [main            ] INFO  HikariDataSource       - HikariPool-1 - Start completed.
24-11-27.22:17:18.011 [SpringApplicationShutdownHook] INFO  HikariDataSource       - HikariPool-1 - Shutdown initiated...
24-11-27.22:17:18.232 [SpringApplicationShutdownHook] INFO  HikariDataSource       - HikariPool-1 - Shutdown completed.
