24-11-23.00:05:44.672 [main            ] INFO  StrategyTest           - Starting StrategyTest using Java 1.8.0_151 on mile with PID 51908 (started by aaa in D:\Develop\project\rem-market\market-app)
24-11-23.00:05:44.672 [main            ] INFO  StrategyTest           - The following 1 profile is active: "dev"
24-11-23.00:05:45.448 [main            ] INFO  RepositoryConfigurationDelegate - Multiple Spring Data modules found, entering strict repository configuration mode
24-11-23.00:05:45.448 [main            ] INFO  RepositoryConfigurationDelegate - Bootstrapping Spring Data Redis repositories in DEFAULT mode.
24-11-23.00:05:45.474 [main            ] INFO  RepositoryConfigurationDelegate - Finished Spring Data repository scanning in 21 ms. Found 0 Redis repository interfaces.
24-11-23.00:05:46.904 [main            ] INFO  Version                - Redisson 3.26.0
24-11-23.00:05:47.783 [redisson-netty-1-4] INFO  ConnectionsHolder      - 1 connections initialized for 110.41.180.185/110.41.180.185:6379
24-11-23.00:05:48.184 [redisson-netty-1-13] INFO  ConnectionsHolder      - 5 connections initialized for 110.41.180.185/110.41.180.185:6379
24-11-23.00:05:51.504 [main            ] INFO  EndpointLinksResolver  - Exposing 1 endpoint(s) beneath base path '/actuator'
24-11-23.00:05:51.557 [main            ] INFO  StrategyTest           - Started StrategyTest in 7.303 seconds (JVM running for 8.352)
24-11-23.00:05:51.857 [main            ] INFO  StrategyArmoryImpl     - 1432
24-11-23.00:05:51.857 [main            ] INFO  StrategyArmoryImpl     - true
24-11-23.00:05:51.857 [main            ] INFO  StrategyArmoryImpl     - true
24-11-23.00:05:51.857 [main            ] INFO  StrategyArmoryImpl     - true
24-11-23.00:05:51.857 [main            ] INFO  StrategyArmoryImpl     - true
24-11-23.00:05:52.197 [main            ] INFO  HikariDataSource       - HikariPool-1 - Starting...
24-11-23.00:05:53.772 [main            ] INFO  HikariDataSource       - HikariPool-1 - Start completed.
24-11-23.00:05:53.898 [main            ] INFO  StrategyArmoryImpl     - {6000=[102, 103, 104, 105, 106, 107, 108, 109], 4000=[101, 102, 103, 104, 105, 106]}
24-11-23.00:05:53.898 [main            ] INFO  StrategyArmoryImpl     - 1289
24-11-23.00:05:53.898 [main            ] INFO  StrategyArmoryImpl     - true
24-11-23.00:05:53.898 [main            ] INFO  StrategyArmoryImpl     - true
24-11-23.00:05:53.898 [main            ] INFO  StrategyArmoryImpl     - true
24-11-23.00:05:53.898 [main            ] INFO  StrategyArmoryImpl     - true
24-11-23.00:05:54.168 [main            ] INFO  StrategyArmoryImpl     - 103
24-11-23.00:05:54.168 [main            ] INFO  StrategyArmoryImpl     - false
24-11-23.00:05:54.168 [main            ] INFO  StrategyArmoryImpl     - false
24-11-23.00:05:54.168 [main            ] INFO  StrategyArmoryImpl     - false
24-11-23.00:05:54.168 [main            ] INFO  StrategyArmoryImpl     - true
24-11-23.00:05:54.326 [main            ] INFO  StrategyTest           - 测试结果：true
24-11-23.00:05:54.360 [SpringApplicationShutdownHook] INFO  HikariDataSource       - HikariPool-1 - Shutdown initiated...
24-11-23.00:05:54.546 [SpringApplicationShutdownHook] INFO  HikariDataSource       - HikariPool-1 - Shutdown completed.
24-11-23.00:07:06.796 [main            ] INFO  StrategyRaffleTest     - Starting StrategyRaffleTest using Java 1.8.0_151 on mile with PID 61692 (started by aaa in D:\Develop\project\rem-market\market-app)
24-11-23.00:07:06.796 [main            ] INFO  StrategyRaffleTest     - The following 1 profile is active: "dev"
24-11-23.00:07:07.476 [main            ] INFO  RepositoryConfigurationDelegate - Multiple Spring Data modules found, entering strict repository configuration mode
24-11-23.00:07:07.476 [main            ] INFO  RepositoryConfigurationDelegate - Bootstrapping Spring Data Redis repositories in DEFAULT mode.
24-11-23.00:07:07.508 [main            ] INFO  RepositoryConfigurationDelegate - Finished Spring Data repository scanning in 20 ms. Found 0 Redis repository interfaces.
24-11-23.00:07:08.927 [main            ] INFO  Version                - Redisson 3.26.0
24-11-23.00:07:09.807 [redisson-netty-1-4] INFO  ConnectionsHolder      - 1 connections initialized for 110.41.180.185/110.41.180.185:6379
24-11-23.00:07:10.216 [redisson-netty-1-13] INFO  ConnectionsHolder      - 5 connections initialized for 110.41.180.185/110.41.180.185:6379
24-11-23.00:07:13.531 [main            ] INFO  EndpointLinksResolver  - Exposing 1 endpoint(s) beneath base path '/actuator'
24-11-23.00:07:13.597 [main            ] INFO  StrategyRaffleTest     - Started StrategyRaffleTest in 7.194 seconds (JVM running for 8.311)
24-11-23.00:07:13.942 [main            ] INFO  BlacklistLogicFilter   - 前置过滤黑名单规则
24-11-23.00:07:14.045 [main            ] INFO  HikariDataSource       - HikariPool-1 - Starting...
24-11-23.00:07:15.654 [main            ] INFO  HikariDataSource       - HikariPool-1 - Start completed.
24-11-23.00:07:15.775 [main            ] INFO  BlacklistLogicFilter   - 前置过滤黑名单规则
24-11-23.00:07:15.853 [main            ] INFO  DefaultStrategyRaffle  - 抽奖前规则过滤 userId: 3 ruleModel: rule_blacklist code: 0001 info: 直接放行；按流程执行下一步
24-11-23.00:07:16.090 [main            ] INFO  StrategyRaffleTest     - 请求参数：{"strategyId":100001,"userId":"3"}
24-11-23.00:07:16.090 [main            ] INFO  StrategyRaffleTest     - 测试结果：{"awardId":108}
24-11-23.00:07:16.106 [SpringApplicationShutdownHook] INFO  HikariDataSource       - HikariPool-1 - Shutdown initiated...
24-11-23.00:07:16.301 [SpringApplicationShutdownHook] INFO  HikariDataSource       - HikariPool-1 - Shutdown completed.
24-11-23.00:23:48.802 [main            ] INFO  StrategyRaffleTest     - Starting StrategyRaffleTest using Java 1.8.0_151 on mile with PID 62800 (started by aaa in D:\Develop\project\rem-market\market-app)
24-11-23.00:23:48.802 [main            ] INFO  StrategyRaffleTest     - The following 1 profile is active: "dev"
24-11-23.00:23:49.513 [main            ] INFO  RepositoryConfigurationDelegate - Multiple Spring Data modules found, entering strict repository configuration mode
24-11-23.00:23:49.513 [main            ] INFO  RepositoryConfigurationDelegate - Bootstrapping Spring Data Redis repositories in DEFAULT mode.
24-11-23.00:23:49.543 [main            ] INFO  RepositoryConfigurationDelegate - Finished Spring Data repository scanning in 19 ms. Found 0 Redis repository interfaces.
24-11-23.00:23:50.972 [main            ] INFO  Version                - Redisson 3.26.0
24-11-23.00:23:51.916 [redisson-netty-1-4] INFO  ConnectionsHolder      - 1 connections initialized for 110.41.180.185/110.41.180.185:6379
24-11-23.00:23:52.317 [redisson-netty-1-13] INFO  ConnectionsHolder      - 5 connections initialized for 110.41.180.185/110.41.180.185:6379
24-11-23.00:23:56.057 [main            ] INFO  EndpointLinksResolver  - Exposing 1 endpoint(s) beneath base path '/actuator'
24-11-23.00:23:56.104 [main            ] INFO  StrategyRaffleTest     - Started StrategyRaffleTest in 7.737 seconds (JVM running for 8.781)
24-11-23.00:23:56.441 [main            ] INFO  BlacklistLogicFilter   - 执行黑名单规则过滤
24-11-23.00:23:56.552 [main            ] INFO  HikariDataSource       - HikariPool-1 - Starting...
24-11-23.00:23:58.099 [main            ] INFO  HikariDataSource       - HikariPool-1 - Start completed.
24-11-23.00:23:58.208 [main            ] INFO  BlacklistLogicFilter   - 执行黑名单规则过滤
24-11-23.00:23:58.287 [main            ] INFO  DefaultStrategyRaffle  - 抽奖前规则过滤 userId: 3 ruleModel: rule_blacklist code: 0001 info: 直接放行；按流程执行下一步
24-11-23.00:23:58.287 [main            ] INFO  AbstractStrategyRaffle - 执行正常抽奖
24-11-23.00:23:58.524 [main            ] INFO  StrategyRaffleTest     - 请求参数：{"strategyId":100001,"userId":"3"}
24-11-23.00:23:58.524 [main            ] INFO  StrategyRaffleTest     - 测试结果：{"awardId":108}
24-11-23.00:23:58.527 [SpringApplicationShutdownHook] INFO  HikariDataSource       - HikariPool-1 - Shutdown initiated...
24-11-23.00:23:58.767 [SpringApplicationShutdownHook] INFO  HikariDataSource       - HikariPool-1 - Shutdown completed.
24-11-23.00:25:19.389 [main            ] INFO  StrategyRaffleTest     - Starting StrategyRaffleTest using Java 1.8.0_151 on mile with PID 53488 (started by aaa in D:\Develop\project\rem-market\market-app)
24-11-23.00:25:19.389 [main            ] INFO  StrategyRaffleTest     - The following 1 profile is active: "dev"
24-11-23.00:25:20.065 [main            ] INFO  RepositoryConfigurationDelegate - Multiple Spring Data modules found, entering strict repository configuration mode
24-11-23.00:25:20.065 [main            ] INFO  RepositoryConfigurationDelegate - Bootstrapping Spring Data Redis repositories in DEFAULT mode.
24-11-23.00:25:20.097 [main            ] INFO  RepositoryConfigurationDelegate - Finished Spring Data repository scanning in 23 ms. Found 0 Redis repository interfaces.
24-11-23.00:25:21.496 [main            ] INFO  Version                - Redisson 3.26.0
24-11-23.00:25:22.378 [redisson-netty-1-4] INFO  ConnectionsHolder      - 1 connections initialized for 110.41.180.185/110.41.180.185:6379
24-11-23.00:25:22.844 [redisson-netty-1-13] INFO  ConnectionsHolder      - 5 connections initialized for 110.41.180.185/110.41.180.185:6379
24-11-23.00:25:26.161 [main            ] INFO  EndpointLinksResolver  - Exposing 1 endpoint(s) beneath base path '/actuator'
24-11-23.00:25:26.208 [main            ] INFO  StrategyRaffleTest     - Started StrategyRaffleTest in 7.268 seconds (JVM running for 8.307)
24-11-23.00:25:26.508 [main            ] INFO  BlacklistLogicFilter   - 执行黑名单规则过滤
24-11-23.00:25:26.610 [main            ] INFO  HikariDataSource       - HikariPool-1 - Starting...
24-11-23.00:25:28.166 [main            ] INFO  HikariDataSource       - HikariPool-1 - Start completed.
24-11-23.00:25:28.295 [main            ] INFO  BlacklistLogicFilter   - 执行黑名单规则过滤
24-11-23.00:25:28.419 [main            ] INFO  DefaultStrategyRaffle  - 抽奖前规则过滤 userId: 3 ruleModel: rule_blacklist code: 0001 info: 直接放行；按流程执行下一步
24-11-23.00:25:28.419 [main            ] INFO  AbstractStrategyRaffle - 执行正常抽奖
24-11-23.00:25:28.635 [main            ] INFO  StrategyRaffleTest     - 请求参数：{"strategyId":100001,"userId":"3"}
24-11-23.00:25:28.635 [main            ] INFO  StrategyRaffleTest     - 测试结果：{"awardId":104}
24-11-23.00:25:28.651 [SpringApplicationShutdownHook] INFO  HikariDataSource       - HikariPool-1 - Shutdown initiated...
24-11-23.00:25:28.887 [SpringApplicationShutdownHook] INFO  HikariDataSource       - HikariPool-1 - Shutdown completed.
24-11-23.00:25:36.961 [main            ] INFO  StrategyRaffleTest     - Starting StrategyRaffleTest using Java 1.8.0_151 on mile with PID 65904 (started by aaa in D:\Develop\project\rem-market\market-app)
24-11-23.00:25:36.961 [main            ] INFO  StrategyRaffleTest     - The following 1 profile is active: "dev"
24-11-23.00:25:37.623 [main            ] INFO  RepositoryConfigurationDelegate - Multiple Spring Data modules found, entering strict repository configuration mode
24-11-23.00:25:37.623 [main            ] INFO  RepositoryConfigurationDelegate - Bootstrapping Spring Data Redis repositories in DEFAULT mode.
24-11-23.00:25:37.654 [main            ] INFO  RepositoryConfigurationDelegate - Finished Spring Data repository scanning in 19 ms. Found 0 Redis repository interfaces.
24-11-23.00:25:39.038 [main            ] INFO  Version                - Redisson 3.26.0
24-11-23.00:25:39.948 [redisson-netty-1-4] INFO  ConnectionsHolder      - 1 connections initialized for 110.41.180.185/110.41.180.185:6379
24-11-23.00:25:40.550 [redisson-netty-1-13] INFO  ConnectionsHolder      - 5 connections initialized for 110.41.180.185/110.41.180.185:6379
24-11-23.00:25:43.877 [main            ] INFO  EndpointLinksResolver  - Exposing 1 endpoint(s) beneath base path '/actuator'
24-11-23.00:25:43.924 [main            ] INFO  StrategyRaffleTest     - Started StrategyRaffleTest in 7.398 seconds (JVM running for 8.455)
24-11-23.00:25:44.215 [main            ] INFO  BlacklistLogicFilter   - 执行黑名单规则过滤
24-11-23.00:25:44.302 [main            ] INFO  HikariDataSource       - HikariPool-1 - Starting...
24-11-23.00:25:45.778 [main            ] INFO  HikariDataSource       - HikariPool-1 - Start completed.
24-11-23.00:25:45.903 [main            ] INFO  BlacklistLogicFilter   - 执行黑名单规则过滤
24-11-23.00:25:45.983 [main            ] INFO  DefaultStrategyRaffle  - 抽奖前规则过滤 userId: 3 ruleModel: rule_blacklist code: 0001 info: 直接放行；按流程执行下一步
24-11-23.00:25:45.983 [main            ] INFO  AbstractStrategyRaffle - 执行正常抽奖
24-11-23.00:25:46.195 [main            ] INFO  StrategyRaffleTest     - 请求参数：{"strategyId":100001,"userId":"3"}
24-11-23.00:25:46.195 [main            ] INFO  StrategyRaffleTest     - 测试结果：{"awardId":101}
24-11-23.00:25:46.210 [SpringApplicationShutdownHook] INFO  HikariDataSource       - HikariPool-1 - Shutdown initiated...
24-11-23.00:25:46.498 [SpringApplicationShutdownHook] INFO  HikariDataSource       - HikariPool-1 - Shutdown completed.
24-11-23.00:29:37.264 [main            ] INFO  StrategyRaffleTest     - Starting StrategyRaffleTest using Java 1.8.0_151 on mile with PID 66808 (started by aaa in D:\Develop\project\rem-market\market-app)
24-11-23.00:29:37.264 [main            ] INFO  StrategyRaffleTest     - The following 1 profile is active: "dev"
24-11-23.00:29:37.943 [main            ] INFO  RepositoryConfigurationDelegate - Multiple Spring Data modules found, entering strict repository configuration mode
24-11-23.00:29:37.943 [main            ] INFO  RepositoryConfigurationDelegate - Bootstrapping Spring Data Redis repositories in DEFAULT mode.
24-11-23.00:29:37.975 [main            ] INFO  RepositoryConfigurationDelegate - Finished Spring Data repository scanning in 20 ms. Found 0 Redis repository interfaces.
24-11-23.00:29:39.341 [main            ] INFO  Version                - Redisson 3.26.0
24-11-23.00:29:40.220 [redisson-netty-1-4] INFO  ConnectionsHolder      - 1 connections initialized for 110.41.180.185/110.41.180.185:6379
24-11-23.00:29:40.691 [redisson-netty-1-13] INFO  ConnectionsHolder      - 5 connections initialized for 110.41.180.185/110.41.180.185:6379
24-11-23.00:29:44.014 [main            ] INFO  EndpointLinksResolver  - Exposing 1 endpoint(s) beneath base path '/actuator'
24-11-23.00:29:44.062 [main            ] INFO  StrategyRaffleTest     - Started StrategyRaffleTest in 7.191 seconds (JVM running for 8.247)
24-11-23.00:29:44.350 [main            ] INFO  BlacklistLogicFilter   - 执行黑名单规则过滤
24-11-23.00:29:44.464 [main            ] INFO  HikariDataSource       - HikariPool-1 - Starting...
24-11-23.00:29:46.020 [main            ] INFO  HikariDataSource       - HikariPool-1 - Start completed.
24-11-23.00:29:46.146 [main            ] INFO  RuleWeightLogicFilter  - 前置过滤权重规则
24-11-23.00:29:46.261 [main            ] INFO  DefaultStrategyRaffle  - 抽奖前规则过滤 userId: 3 ruleModel: rule_weight code: 0000 info: 过滤拦截；直接执行过滤逻辑
24-11-23.00:29:46.483 [main            ] INFO  StrategyRaffleTest     - 请求参数：{"strategyId":100001,"userId":"3"}
24-11-23.00:29:46.483 [main            ] INFO  StrategyRaffleTest     - 测试结果：{"awardId":108}
24-11-23.00:29:46.498 [SpringApplicationShutdownHook] INFO  HikariDataSource       - HikariPool-1 - Shutdown initiated...
24-11-23.00:29:46.723 [SpringApplicationShutdownHook] INFO  HikariDataSource       - HikariPool-1 - Shutdown completed.
24-11-23.00:33:24.932 [main            ] INFO  StrategyRaffleTest     - Starting StrategyRaffleTest using Java 1.8.0_151 on mile with PID 67872 (started by aaa in D:\Develop\project\rem-market\market-app)
24-11-23.00:33:24.932 [main            ] INFO  StrategyRaffleTest     - The following 1 profile is active: "dev"
24-11-23.00:33:25.660 [main            ] INFO  RepositoryConfigurationDelegate - Multiple Spring Data modules found, entering strict repository configuration mode
24-11-23.00:33:25.661 [main            ] INFO  RepositoryConfigurationDelegate - Bootstrapping Spring Data Redis repositories in DEFAULT mode.
24-11-23.00:33:25.689 [main            ] INFO  RepositoryConfigurationDelegate - Finished Spring Data repository scanning in 19 ms. Found 0 Redis repository interfaces.
24-11-23.00:33:27.106 [main            ] INFO  Version                - Redisson 3.26.0
24-11-23.00:33:28.025 [redisson-netty-1-4] INFO  ConnectionsHolder      - 1 connections initialized for 110.41.180.185/110.41.180.185:6379
24-11-23.00:33:28.423 [redisson-netty-1-13] INFO  ConnectionsHolder      - 5 connections initialized for 110.41.180.185/110.41.180.185:6379
24-11-23.00:33:31.870 [main            ] INFO  EndpointLinksResolver  - Exposing 1 endpoint(s) beneath base path '/actuator'
24-11-23.00:33:31.917 [main            ] INFO  StrategyRaffleTest     - Started StrategyRaffleTest in 7.387 seconds (JVM running for 8.43)
24-11-23.00:33:32.123 [main            ] INFO  AbstractStrategyRaffle - 开始执行抽奖流程 用户id : 3, 策略id : 100001
24-11-23.00:33:32.252 [main            ] INFO  BlacklistLogicFilter   - 执行黑名单规则过滤
24-11-23.00:33:32.346 [main            ] INFO  HikariDataSource       - HikariPool-1 - Starting...
24-11-23.00:33:33.859 [main            ] INFO  HikariDataSource       - HikariPool-1 - Start completed.
24-11-23.00:33:33.989 [main            ] INFO  RuleWeightLogicFilter  - 前置过滤权重规则
24-11-23.00:33:34.102 [main            ] INFO  DefaultStrategyRaffle  - 抽奖前规则过滤  ruleModel: 3 code: rule_weight info: 0000
24-11-23.00:33:34.322 [main            ] INFO  StrategyRaffleTest     - 请求参数：{"strategyId":100001,"userId":"3"}
24-11-23.00:33:34.329 [main            ] INFO  StrategyRaffleTest     - 测试结果：{"awardId":108}
24-11-23.00:33:34.338 [SpringApplicationShutdownHook] INFO  HikariDataSource       - HikariPool-1 - Shutdown initiated...
24-11-23.00:33:34.512 [SpringApplicationShutdownHook] INFO  HikariDataSource       - HikariPool-1 - Shutdown completed.
24-11-23.01:19:41.745 [main            ] INFO  StrategyRaffleTest     - Starting StrategyRaffleTest using Java 1.8.0_151 on mile with PID 72664 (started by aaa in D:\Develop\project\rem-market\market-app)
24-11-23.01:19:41.745 [main            ] INFO  StrategyRaffleTest     - The following 1 profile is active: "dev"
24-11-23.01:19:42.376 [main            ] DEBUG MybatisPlusAutoConfiguration - Searching for mappers annotated with @Mapper
24-11-23.01:19:42.376 [main            ] DEBUG MybatisPlusAutoConfiguration - Using auto-configuration base package 'top.javarem'
24-11-23.01:19:42.503 [main            ] INFO  RepositoryConfigurationDelegate - Multiple Spring Data modules found, entering strict repository configuration mode
24-11-23.01:19:42.503 [main            ] INFO  RepositoryConfigurationDelegate - Bootstrapping Spring Data Redis repositories in DEFAULT mode.
24-11-23.01:19:42.534 [main            ] INFO  RepositoryConfigurationDelegate - Finished Spring Data repository scanning in 20 ms. Found 0 Redis repository interfaces.
24-11-23.01:19:42.629 [main            ] DEBUG ClassPathMapperScanner - Identified candidate component class: file [D:\Develop\project\rem-market\market-infrastructure\target\classes\top\javarem\infrastructure\dao\mapper\AwardMapper.class]
24-11-23.01:19:42.629 [main            ] DEBUG ClassPathMapperScanner - Identified candidate component class: file [D:\Develop\project\rem-market\market-infrastructure\target\classes\top\javarem\infrastructure\dao\mapper\RuleMapper.class]
24-11-23.01:19:42.629 [main            ] DEBUG ClassPathMapperScanner - Identified candidate component class: file [D:\Develop\project\rem-market\market-infrastructure\target\classes\top\javarem\infrastructure\dao\mapper\StrategyAwardMapper.class]
24-11-23.01:19:42.629 [main            ] DEBUG ClassPathMapperScanner - Identified candidate component class: file [D:\Develop\project\rem-market\market-infrastructure\target\classes\top\javarem\infrastructure\dao\mapper\StrategyMapper.class]
24-11-23.01:19:42.629 [main            ] DEBUG ClassPathMapperScanner - Identified candidate component class: file [D:\Develop\project\rem-market\market-infrastructure\target\classes\top\javarem\infrastructure\dao\mapper\UserMapper.class]
24-11-23.01:19:42.629 [main            ] DEBUG ClassPathMapperScanner - Creating MapperFactoryBean with name 'awardMapper' and 'top.javarem.infrastructure.dao.mapper.AwardMapper' mapperInterface
24-11-23.01:19:42.629 [main            ] DEBUG ClassPathMapperScanner - Creating MapperFactoryBean with name 'ruleMapper' and 'top.javarem.infrastructure.dao.mapper.RuleMapper' mapperInterface
24-11-23.01:19:42.629 [main            ] DEBUG ClassPathMapperScanner - Creating MapperFactoryBean with name 'strategyAwardMapper' and 'top.javarem.infrastructure.dao.mapper.StrategyAwardMapper' mapperInterface
24-11-23.01:19:42.629 [main            ] DEBUG ClassPathMapperScanner - Creating MapperFactoryBean with name 'strategyMapper' and 'top.javarem.infrastructure.dao.mapper.StrategyMapper' mapperInterface
24-11-23.01:19:42.629 [main            ] DEBUG ClassPathMapperScanner - Creating MapperFactoryBean with name 'userMapper' and 'top.javarem.infrastructure.dao.mapper.UserMapper' mapperInterface
24-11-23.01:19:43.932 [main            ] INFO  Version                - Redisson 3.26.0
24-11-23.01:19:44.861 [redisson-netty-1-6] INFO  ConnectionsHolder      - 1 connections initialized for 110.41.180.185/110.41.180.185:6379
24-11-23.01:19:45.271 [redisson-netty-1-13] INFO  ConnectionsHolder      - 5 connections initialized for 110.41.180.185/110.41.180.185:6379
24-11-23.01:19:45.503 [main            ] DEBUG MybatisSqlSessionFactoryBean - Parsed mapper file: 'file [D:\Develop\project\rem-market\market-app\target\classes\mapper\AwardMapper.xml]'
24-11-23.01:19:45.508 [main            ] DEBUG MybatisSqlSessionFactoryBean - Parsed mapper file: 'file [D:\Develop\project\rem-market\market-app\target\classes\mapper\RuleMapper.xml]'
24-11-23.01:19:45.508 [main            ] DEBUG MybatisSqlSessionFactoryBean - Parsed mapper file: 'file [D:\Develop\project\rem-market\market-app\target\classes\mapper\StrategyAwardMapper.xml]'
24-11-23.01:19:45.524 [main            ] DEBUG MybatisSqlSessionFactoryBean - Parsed mapper file: 'file [D:\Develop\project\rem-market\market-app\target\classes\mapper\StrategyMapper.xml]'
24-11-23.01:19:45.524 [main            ] DEBUG MybatisSqlSessionFactoryBean - Parsed mapper file: 'file [D:\Develop\project\rem-market\market-app\target\classes\mapper\UserMapper.xml]'
24-11-23.01:19:46.606 [main            ] DEBUG Sequence               - Get /192.168.137.1 network interface 
24-11-23.01:19:47.144 [main            ] DEBUG Sequence               - Get network interface info: name:wlan4 (Microsoft Wi-Fi Direct Virtual Adapter #4)
24-11-23.01:19:47.155 [main            ] DEBUG Sequence               - Initialization Sequence datacenterId:24 workerId:23
24-11-23.01:19:48.082 [main            ] DEBUG MybatisPlusAutoConfiguration - Not found configuration for registering mapper bean using @MapperScan, MapperFactoryBean and MapperScannerConfigurer.
24-11-23.01:19:48.633 [main            ] INFO  EndpointLinksResolver  - Exposing 1 endpoint(s) beneath base path '/actuator'
24-11-23.01:19:48.682 [main            ] INFO  StrategyRaffleTest     - Started StrategyRaffleTest in 7.374 seconds (JVM running for 8.488)
24-11-23.01:19:48.869 [main            ] INFO  AbstractStrategyRaffle - 开始执行抽奖流程 用户id : 3, 策略id : 100001
24-11-23.01:19:48.982 [main            ] DEBUG SqlSessionUtils        - Creating a new SqlSession
24-11-23.01:19:48.982 [main            ] DEBUG SqlSessionUtils        - SqlSession [org.apache.ibatis.session.defaults.DefaultSqlSession@4f6ff62] was not registered for synchronization because synchronization is not active
24-11-23.01:19:49.045 [main            ] INFO  HikariDataSource       - HikariPool-1 - Starting...
24-11-23.01:19:50.601 [main            ] INFO  HikariDataSource       - HikariPool-1 - Start completed.
24-11-23.01:19:50.608 [main            ] DEBUG SpringManagedTransaction - JDBC Connection [HikariProxyConnection@1039550799 wrapping com.mysql.cj.jdbc.ConnectionImpl@1b5f960a] will not be managed by Spring
24-11-23.01:19:50.714 [main            ] DEBUG SqlSessionUtils        - Closing non transactional SqlSession [org.apache.ibatis.session.defaults.DefaultSqlSession@4f6ff62]
24-11-23.01:19:50.809 [main            ] INFO  BlacklistLogicFilter   - 执行黑名单规则过滤
24-11-23.01:19:50.809 [main            ] DEBUG SqlSessionUtils        - Creating a new SqlSession
24-11-23.01:19:50.809 [main            ] DEBUG SqlSessionUtils        - SqlSession [org.apache.ibatis.session.defaults.DefaultSqlSession@414d2821] was not registered for synchronization because synchronization is not active
24-11-23.01:19:50.809 [main            ] DEBUG SpringManagedTransaction - JDBC Connection [HikariProxyConnection@1937294500 wrapping com.mysql.cj.jdbc.ConnectionImpl@1b5f960a] will not be managed by Spring
24-11-23.01:19:50.909 [main            ] DEBUG SqlSessionUtils        - Closing non transactional SqlSession [org.apache.ibatis.session.defaults.DefaultSqlSession@414d2821]
24-11-23.01:19:50.909 [main            ] INFO  RuleWeightLogicFilter  - 前置过滤权重规则
24-11-23.01:19:50.949 [main            ] INFO  DefaultStrategyRaffle  - 抽奖前规则过滤  ruleModel: 3 code: rule_weight info: 0001
24-11-23.01:19:50.949 [main            ] INFO  AbstractStrategyRaffle - 执行正常抽奖
24-11-23.01:19:51.030 [SpringApplicationShutdownHook] INFO  HikariDataSource       - HikariPool-1 - Shutdown initiated...
24-11-23.01:19:51.249 [SpringApplicationShutdownHook] INFO  HikariDataSource       - HikariPool-1 - Shutdown completed.
24-11-23.01:24:58.335 [main            ] ERROR SpringApplication      - Application run failed
java.lang.IllegalStateException: java.lang.IllegalStateException: Logback configuration error detected: 
ERROR in ch.qos.logback.core.joran.action.AppenderRefAction - Could not find an appender named [STDOUT]. Did you define it below instead of above in the configuration file?
ERROR in ch.qos.logback.core.joran.action.AppenderRefAction - See http://logback.qos.ch/codes.html#appender_order for more details.
ERROR in ch.qos.logback.core.joran.action.AppenderRefAction - Could not find an appender named [STDOUT]. Did you define it below instead of above in the configuration file?
ERROR in ch.qos.logback.core.joran.action.AppenderRefAction - See http://logback.qos.ch/codes.html#appender_order for more details.
ERROR in ch.qos.logback.core.joran.action.AppenderRefAction - Could not find an appender named [STDOUT]. Did you define it below instead of above in the configuration file?
ERROR in ch.qos.logback.core.joran.action.AppenderRefAction - See http://logback.qos.ch/codes.html#appender_order for more details.
	at org.springframework.boot.context.logging.LoggingApplicationListener.initializeSystem(LoggingApplicationListener.java:344)
	at org.springframework.boot.context.logging.LoggingApplicationListener.initialize(LoggingApplicationListener.java:298)
	at org.springframework.boot.context.logging.LoggingApplicationListener.onApplicationEnvironmentPreparedEvent(LoggingApplicationListener.java:246)
	at org.springframework.boot.context.logging.LoggingApplicationListener.onApplicationEvent(LoggingApplicationListener.java:223)
	at org.springframework.context.event.SimpleApplicationEventMulticaster.doInvokeListener(SimpleApplicationEventMulticaster.java:176)
	at org.springframework.context.event.SimpleApplicationEventMulticaster.invokeListener(SimpleApplicationEventMulticaster.java:169)
	at org.springframework.context.event.SimpleApplicationEventMulticaster.multicastEvent(SimpleApplicationEventMulticaster.java:143)
	at org.springframework.context.event.SimpleApplicationEventMulticaster.multicastEvent(SimpleApplicationEventMulticaster.java:131)
	at org.springframework.boot.context.event.EventPublishingRunListener.environmentPrepared(EventPublishingRunListener.java:85)
	at org.springframework.boot.SpringApplicationRunListeners.lambda$environmentPrepared$2(SpringApplicationRunListeners.java:66)
	at java.util.ArrayList.forEach(ArrayList.java:1255)
	at org.springframework.boot.SpringApplicationRunListeners.doWithListeners(SpringApplicationRunListeners.java:120)
	at org.springframework.boot.SpringApplicationRunListeners.doWithListeners(SpringApplicationRunListeners.java:114)
	at org.springframework.boot.SpringApplicationRunListeners.environmentPrepared(SpringApplicationRunListeners.java:65)
	at org.springframework.boot.SpringApplication.prepareEnvironment(SpringApplication.java:343)
	at org.springframework.boot.SpringApplication.run(SpringApplication.java:301)
	at org.springframework.boot.test.context.SpringBootContextLoader.loadContext(SpringBootContextLoader.java:136)
	at org.springframework.test.context.cache.DefaultCacheAwareContextLoaderDelegate.loadContextInternal(DefaultCacheAwareContextLoaderDelegate.java:141)
	at org.springframework.test.context.cache.DefaultCacheAwareContextLoaderDelegate.loadContext(DefaultCacheAwareContextLoaderDelegate.java:90)
	at org.springframework.test.context.support.DefaultTestContext.getApplicationContext(DefaultTestContext.java:124)
	at org.springframework.test.context.web.ServletTestExecutionListener.setUpRequestContextIfNecessary(ServletTestExecutionListener.java:190)
	at org.springframework.test.context.web.ServletTestExecutionListener.prepareTestInstance(ServletTestExecutionListener.java:132)
	at org.springframework.test.context.TestContextManager.prepareTestInstance(TestContextManager.java:248)
	at org.springframework.test.context.junit.jupiter.SpringExtension.postProcessTestInstance(SpringExtension.java:138)
	at org.junit.jupiter.engine.descriptor.ClassBasedTestDescriptor.lambda$invokeTestInstancePostProcessors$8(ClassBasedTestDescriptor.java:363)
	at org.junit.jupiter.engine.descriptor.ClassBasedTestDescriptor.executeAndMaskThrowable(ClassBasedTestDescriptor.java:368)
	at org.junit.jupiter.engine.descriptor.ClassBasedTestDescriptor.lambda$invokeTestInstancePostProcessors$9(ClassBasedTestDescriptor.java:363)
	at java.util.stream.ReferencePipeline$3$1.accept(ReferencePipeline.java:193)
	at java.util.stream.ReferencePipeline$2$1.accept(ReferencePipeline.java:175)
	at java.util.ArrayList$ArrayListSpliterator.forEachRemaining(ArrayList.java:1380)
	at java.util.stream.AbstractPipeline.copyInto(AbstractPipeline.java:481)
	at java.util.stream.AbstractPipeline.wrapAndCopyInto(AbstractPipeline.java:471)
	at java.util.stream.StreamSpliterators$WrappingSpliterator.forEachRemaining(StreamSpliterators.java:312)
	at java.util.stream.Streams$ConcatSpliterator.forEachRemaining(Streams.java:743)
	at java.util.stream.Streams$ConcatSpliterator.forEachRemaining(Streams.java:742)
	at java.util.stream.ReferencePipeline$Head.forEach(ReferencePipeline.java:580)
	at org.junit.jupiter.engine.descriptor.ClassBasedTestDescriptor.invokeTestInstancePostProcessors(ClassBasedTestDescriptor.java:362)
	at org.junit.jupiter.engine.descriptor.ClassBasedTestDescriptor.lambda$instantiateAndPostProcessTestInstance$6(ClassBasedTestDescriptor.java:283)
	at org.junit.platform.engine.support.hierarchical.ThrowableCollector.execute(ThrowableCollector.java:73)
	at org.junit.jupiter.engine.descriptor.ClassBasedTestDescriptor.instantiateAndPostProcessTestInstance(ClassBasedTestDescriptor.java:282)
	at org.junit.jupiter.engine.descriptor.ClassBasedTestDescriptor.lambda$testInstancesProvider$4(ClassBasedTestDescriptor.java:272)
	at java.util.Optional.orElseGet(Optional.java:267)
	at org.junit.jupiter.engine.descriptor.ClassBasedTestDescriptor.lambda$testInstancesProvider$5(ClassBasedTestDescriptor.java:271)
	at org.junit.jupiter.engine.execution.TestInstancesProvider.getTestInstances(TestInstancesProvider.java:31)
	at org.junit.jupiter.engine.descriptor.TestMethodTestDescriptor.lambda$prepare$0(TestMethodTestDescriptor.java:102)
	at org.junit.platform.engine.support.hierarchical.ThrowableCollector.execute(ThrowableCollector.java:73)
	at org.junit.jupiter.engine.descriptor.TestMethodTestDescriptor.prepare(TestMethodTestDescriptor.java:101)
	at org.junit.jupiter.engine.descriptor.TestMethodTestDescriptor.prepare(TestMethodTestDescriptor.java:66)
	at org.junit.platform.engine.support.hierarchical.NodeTestTask.lambda$prepare$2(NodeTestTask.java:123)
	at org.junit.platform.engine.support.hierarchical.ThrowableCollector.execute(ThrowableCollector.java:73)
	at org.junit.platform.engine.support.hierarchical.NodeTestTask.prepare(NodeTestTask.java:123)
	at org.junit.platform.engine.support.hierarchical.NodeTestTask.execute(NodeTestTask.java:90)
	at java.util.ArrayList.forEach(ArrayList.java:1255)
	at org.junit.platform.engine.support.hierarchical.SameThreadHierarchicalTestExecutorService.invokeAll(SameThreadHierarchicalTestExecutorService.java:41)
	at org.junit.platform.engine.support.hierarchical.NodeTestTask.lambda$executeRecursively$6(NodeTestTask.java:155)
	at org.junit.platform.engine.support.hierarchical.ThrowableCollector.execute(ThrowableCollector.java:73)
	at org.junit.platform.engine.support.hierarchical.NodeTestTask.lambda$executeRecursively$8(NodeTestTask.java:141)
	at org.junit.platform.engine.support.hierarchical.Node.around(Node.java:137)
	at org.junit.platform.engine.support.hierarchical.NodeTestTask.lambda$executeRecursively$9(NodeTestTask.java:139)
	at org.junit.platform.engine.support.hierarchical.ThrowableCollector.execute(ThrowableCollector.java:73)
	at org.junit.platform.engine.support.hierarchical.NodeTestTask.executeRecursively(NodeTestTask.java:138)
	at org.junit.platform.engine.support.hierarchical.NodeTestTask.execute(NodeTestTask.java:95)
	at java.util.ArrayList.forEach(ArrayList.java:1255)
	at org.junit.platform.engine.support.hierarchical.SameThreadHierarchicalTestExecutorService.invokeAll(SameThreadHierarchicalTestExecutorService.java:41)
	at org.junit.platform.engine.support.hierarchical.NodeTestTask.lambda$executeRecursively$6(NodeTestTask.java:155)
	at org.junit.platform.engine.support.hierarchical.ThrowableCollector.execute(ThrowableCollector.java:73)
	at org.junit.platform.engine.support.hierarchical.NodeTestTask.lambda$executeRecursively$8(NodeTestTask.java:141)
	at org.junit.platform.engine.support.hierarchical.Node.around(Node.java:137)
	at org.junit.platform.engine.support.hierarchical.NodeTestTask.lambda$executeRecursively$9(NodeTestTask.java:139)
	at org.junit.platform.engine.support.hierarchical.ThrowableCollector.execute(ThrowableCollector.java:73)
	at org.junit.platform.engine.support.hierarchical.NodeTestTask.executeRecursively(NodeTestTask.java:138)
	at org.junit.platform.engine.support.hierarchical.NodeTestTask.execute(NodeTestTask.java:95)
	at org.junit.platform.engine.support.hierarchical.SameThreadHierarchicalTestExecutorService.submit(SameThreadHierarchicalTestExecutorService.java:35)
	at org.junit.platform.engine.support.hierarchical.HierarchicalTestExecutor.execute(HierarchicalTestExecutor.java:57)
	at org.junit.platform.engine.support.hierarchical.HierarchicalTestEngine.execute(HierarchicalTestEngine.java:54)
	at org.junit.platform.launcher.core.EngineExecutionOrchestrator.execute(EngineExecutionOrchestrator.java:107)
	at org.junit.platform.launcher.core.EngineExecutionOrchestrator.execute(EngineExecutionOrchestrator.java:88)
	at org.junit.platform.launcher.core.EngineExecutionOrchestrator.lambda$execute$0(EngineExecutionOrchestrator.java:54)
	at org.junit.platform.launcher.core.EngineExecutionOrchestrator.withInterceptedStreams(EngineExecutionOrchestrator.java:67)
	at org.junit.platform.launcher.core.EngineExecutionOrchestrator.execute(EngineExecutionOrchestrator.java:52)
	at org.junit.platform.launcher.core.DefaultLauncher.execute(DefaultLauncher.java:114)
	at org.junit.platform.launcher.core.DefaultLauncher.execute(DefaultLauncher.java:86)
	at org.junit.platform.launcher.core.DefaultLauncherSession$DelegatingLauncher.execute(DefaultLauncherSession.java:86)
	at org.junit.platform.launcher.core.SessionPerRequestLauncher.execute(SessionPerRequestLauncher.java:53)
	at com.intellij.junit5.JUnit5IdeaTestRunner.startRunnerWithArgs(JUnit5IdeaTestRunner.java:57)
	at com.intellij.rt.junit.IdeaTestRunner$Repeater$1.execute(IdeaTestRunner.java:38)
	at com.intellij.rt.execution.junit.TestsRepeater.repeat(TestsRepeater.java:11)
	at com.intellij.rt.junit.IdeaTestRunner$Repeater.startRunnerWithArgs(IdeaTestRunner.java:35)
	at com.intellij.rt.junit.JUnitStarter.prepareStreamsAndStart(JUnitStarter.java:232)
	at com.intellij.rt.junit.JUnitStarter.main(JUnitStarter.java:55)
Caused by: java.lang.IllegalStateException: Logback configuration error detected: 
ERROR in ch.qos.logback.core.joran.action.AppenderRefAction - Could not find an appender named [STDOUT]. Did you define it below instead of above in the configuration file?
ERROR in ch.qos.logback.core.joran.action.AppenderRefAction - See http://logback.qos.ch/codes.html#appender_order for more details.
ERROR in ch.qos.logback.core.joran.action.AppenderRefAction - Could not find an appender named [STDOUT]. Did you define it below instead of above in the configuration file?
ERROR in ch.qos.logback.core.joran.action.AppenderRefAction - See http://logback.qos.ch/codes.html#appender_order for more details.
ERROR in ch.qos.logback.core.joran.action.AppenderRefAction - Could not find an appender named [STDOUT]. Did you define it below instead of above in the configuration file?
ERROR in ch.qos.logback.core.joran.action.AppenderRefAction - See http://logback.qos.ch/codes.html#appender_order for more details.
	at org.springframework.boot.logging.logback.LogbackLoggingSystem.loadConfiguration(LogbackLoggingSystem.java:179)
	at org.springframework.boot.logging.AbstractLoggingSystem.initializeWithSpecificConfig(AbstractLoggingSystem.java:66)
	at org.springframework.boot.logging.AbstractLoggingSystem.initialize(AbstractLoggingSystem.java:57)
	at org.springframework.boot.logging.logback.LogbackLoggingSystem.initialize(LogbackLoggingSystem.java:132)
	at org.springframework.boot.context.logging.LoggingApplicationListener.initializeSystem(LoggingApplicationListener.java:332)
	... 89 common frames omitted
24-11-23.01:24:58.335 [main            ] ERROR TestContextManager     - Caught exception while allowing TestExecutionListener [org.springframework.test.context.web.ServletTestExecutionListener@7bd7d6d6] to prepare test instance [top.javarem.StrategyRaffleTest@6e1d8f9e]
java.lang.IllegalStateException: Failed to load ApplicationContext
	at org.springframework.test.context.cache.DefaultCacheAwareContextLoaderDelegate.loadContext(DefaultCacheAwareContextLoaderDelegate.java:98)
	at org.springframework.test.context.support.DefaultTestContext.getApplicationContext(DefaultTestContext.java:124)
	at org.springframework.test.context.web.ServletTestExecutionListener.setUpRequestContextIfNecessary(ServletTestExecutionListener.java:190)
	at org.springframework.test.context.web.ServletTestExecutionListener.prepareTestInstance(ServletTestExecutionListener.java:132)
	at org.springframework.test.context.TestContextManager.prepareTestInstance(TestContextManager.java:248)
	at org.springframework.test.context.junit.jupiter.SpringExtension.postProcessTestInstance(SpringExtension.java:138)
	at org.junit.jupiter.engine.descriptor.ClassBasedTestDescriptor.lambda$invokeTestInstancePostProcessors$8(ClassBasedTestDescriptor.java:363)
	at org.junit.jupiter.engine.descriptor.ClassBasedTestDescriptor.executeAndMaskThrowable(ClassBasedTestDescriptor.java:368)
	at org.junit.jupiter.engine.descriptor.ClassBasedTestDescriptor.lambda$invokeTestInstancePostProcessors$9(ClassBasedTestDescriptor.java:363)
	at java.util.stream.ReferencePipeline$3$1.accept(ReferencePipeline.java:193)
	at java.util.stream.ReferencePipeline$2$1.accept(ReferencePipeline.java:175)
	at java.util.ArrayList$ArrayListSpliterator.forEachRemaining(ArrayList.java:1380)
	at java.util.stream.AbstractPipeline.copyInto(AbstractPipeline.java:481)
	at java.util.stream.AbstractPipeline.wrapAndCopyInto(AbstractPipeline.java:471)
	at java.util.stream.StreamSpliterators$WrappingSpliterator.forEachRemaining(StreamSpliterators.java:312)
	at java.util.stream.Streams$ConcatSpliterator.forEachRemaining(Streams.java:743)
	at java.util.stream.Streams$ConcatSpliterator.forEachRemaining(Streams.java:742)
	at java.util.stream.ReferencePipeline$Head.forEach(ReferencePipeline.java:580)
	at org.junit.jupiter.engine.descriptor.ClassBasedTestDescriptor.invokeTestInstancePostProcessors(ClassBasedTestDescriptor.java:362)
	at org.junit.jupiter.engine.descriptor.ClassBasedTestDescriptor.lambda$instantiateAndPostProcessTestInstance$6(ClassBasedTestDescriptor.java:283)
	at org.junit.platform.engine.support.hierarchical.ThrowableCollector.execute(ThrowableCollector.java:73)
	at org.junit.jupiter.engine.descriptor.ClassBasedTestDescriptor.instantiateAndPostProcessTestInstance(ClassBasedTestDescriptor.java:282)
	at org.junit.jupiter.engine.descriptor.ClassBasedTestDescriptor.lambda$testInstancesProvider$4(ClassBasedTestDescriptor.java:272)
	at java.util.Optional.orElseGet(Optional.java:267)
	at org.junit.jupiter.engine.descriptor.ClassBasedTestDescriptor.lambda$testInstancesProvider$5(ClassBasedTestDescriptor.java:271)
	at org.junit.jupiter.engine.execution.TestInstancesProvider.getTestInstances(TestInstancesProvider.java:31)
	at org.junit.jupiter.engine.descriptor.TestMethodTestDescriptor.lambda$prepare$0(TestMethodTestDescriptor.java:102)
	at org.junit.platform.engine.support.hierarchical.ThrowableCollector.execute(ThrowableCollector.java:73)
	at org.junit.jupiter.engine.descriptor.TestMethodTestDescriptor.prepare(TestMethodTestDescriptor.java:101)
	at org.junit.jupiter.engine.descriptor.TestMethodTestDescriptor.prepare(TestMethodTestDescriptor.java:66)
	at org.junit.platform.engine.support.hierarchical.NodeTestTask.lambda$prepare$2(NodeTestTask.java:123)
	at org.junit.platform.engine.support.hierarchical.ThrowableCollector.execute(ThrowableCollector.java:73)
	at org.junit.platform.engine.support.hierarchical.NodeTestTask.prepare(NodeTestTask.java:123)
	at org.junit.platform.engine.support.hierarchical.NodeTestTask.execute(NodeTestTask.java:90)
	at java.util.ArrayList.forEach(ArrayList.java:1255)
	at org.junit.platform.engine.support.hierarchical.SameThreadHierarchicalTestExecutorService.invokeAll(SameThreadHierarchicalTestExecutorService.java:41)
	at org.junit.platform.engine.support.hierarchical.NodeTestTask.lambda$executeRecursively$6(NodeTestTask.java:155)
	at org.junit.platform.engine.support.hierarchical.ThrowableCollector.execute(ThrowableCollector.java:73)
	at org.junit.platform.engine.support.hierarchical.NodeTestTask.lambda$executeRecursively$8(NodeTestTask.java:141)
	at org.junit.platform.engine.support.hierarchical.Node.around(Node.java:137)
	at org.junit.platform.engine.support.hierarchical.NodeTestTask.lambda$executeRecursively$9(NodeTestTask.java:139)
	at org.junit.platform.engine.support.hierarchical.ThrowableCollector.execute(ThrowableCollector.java:73)
	at org.junit.platform.engine.support.hierarchical.NodeTestTask.executeRecursively(NodeTestTask.java:138)
	at org.junit.platform.engine.support.hierarchical.NodeTestTask.execute(NodeTestTask.java:95)
	at java.util.ArrayList.forEach(ArrayList.java:1255)
	at org.junit.platform.engine.support.hierarchical.SameThreadHierarchicalTestExecutorService.invokeAll(SameThreadHierarchicalTestExecutorService.java:41)
	at org.junit.platform.engine.support.hierarchical.NodeTestTask.lambda$executeRecursively$6(NodeTestTask.java:155)
	at org.junit.platform.engine.support.hierarchical.ThrowableCollector.execute(ThrowableCollector.java:73)
	at org.junit.platform.engine.support.hierarchical.NodeTestTask.lambda$executeRecursively$8(NodeTestTask.java:141)
	at org.junit.platform.engine.support.hierarchical.Node.around(Node.java:137)
	at org.junit.platform.engine.support.hierarchical.NodeTestTask.lambda$executeRecursively$9(NodeTestTask.java:139)
	at org.junit.platform.engine.support.hierarchical.ThrowableCollector.execute(ThrowableCollector.java:73)
	at org.junit.platform.engine.support.hierarchical.NodeTestTask.executeRecursively(NodeTestTask.java:138)
	at org.junit.platform.engine.support.hierarchical.NodeTestTask.execute(NodeTestTask.java:95)
	at org.junit.platform.engine.support.hierarchical.SameThreadHierarchicalTestExecutorService.submit(SameThreadHierarchicalTestExecutorService.java:35)
	at org.junit.platform.engine.support.hierarchical.HierarchicalTestExecutor.execute(HierarchicalTestExecutor.java:57)
	at org.junit.platform.engine.support.hierarchical.HierarchicalTestEngine.execute(HierarchicalTestEngine.java:54)
	at org.junit.platform.launcher.core.EngineExecutionOrchestrator.execute(EngineExecutionOrchestrator.java:107)
	at org.junit.platform.launcher.core.EngineExecutionOrchestrator.execute(EngineExecutionOrchestrator.java:88)
	at org.junit.platform.launcher.core.EngineExecutionOrchestrator.lambda$execute$0(EngineExecutionOrchestrator.java:54)
	at org.junit.platform.launcher.core.EngineExecutionOrchestrator.withInterceptedStreams(EngineExecutionOrchestrator.java:67)
	at org.junit.platform.launcher.core.EngineExecutionOrchestrator.execute(EngineExecutionOrchestrator.java:52)
	at org.junit.platform.launcher.core.DefaultLauncher.execute(DefaultLauncher.java:114)
	at org.junit.platform.launcher.core.DefaultLauncher.execute(DefaultLauncher.java:86)
	at org.junit.platform.launcher.core.DefaultLauncherSession$DelegatingLauncher.execute(DefaultLauncherSession.java:86)
	at org.junit.platform.launcher.core.SessionPerRequestLauncher.execute(SessionPerRequestLauncher.java:53)
	at com.intellij.junit5.JUnit5IdeaTestRunner.startRunnerWithArgs(JUnit5IdeaTestRunner.java:57)
	at com.intellij.rt.junit.IdeaTestRunner$Repeater$1.execute(IdeaTestRunner.java:38)
	at com.intellij.rt.execution.junit.TestsRepeater.repeat(TestsRepeater.java:11)
	at com.intellij.rt.junit.IdeaTestRunner$Repeater.startRunnerWithArgs(IdeaTestRunner.java:35)
	at com.intellij.rt.junit.JUnitStarter.prepareStreamsAndStart(JUnitStarter.java:232)
	at com.intellij.rt.junit.JUnitStarter.main(JUnitStarter.java:55)
Caused by: java.lang.IllegalStateException: java.lang.IllegalStateException: Logback configuration error detected: 
ERROR in ch.qos.logback.core.joran.action.AppenderRefAction - Could not find an appender named [STDOUT]. Did you define it below instead of above in the configuration file?
ERROR in ch.qos.logback.core.joran.action.AppenderRefAction - See http://logback.qos.ch/codes.html#appender_order for more details.
ERROR in ch.qos.logback.core.joran.action.AppenderRefAction - Could not find an appender named [STDOUT]. Did you define it below instead of above in the configuration file?
ERROR in ch.qos.logback.core.joran.action.AppenderRefAction - See http://logback.qos.ch/codes.html#appender_order for more details.
ERROR in ch.qos.logback.core.joran.action.AppenderRefAction - Could not find an appender named [STDOUT]. Did you define it below instead of above in the configuration file?
ERROR in ch.qos.logback.core.joran.action.AppenderRefAction - See http://logback.qos.ch/codes.html#appender_order for more details.
	at org.springframework.boot.context.logging.LoggingApplicationListener.initializeSystem(LoggingApplicationListener.java:344)
	at org.springframework.boot.context.logging.LoggingApplicationListener.initialize(LoggingApplicationListener.java:298)
	at org.springframework.boot.context.logging.LoggingApplicationListener.onApplicationEnvironmentPreparedEvent(LoggingApplicationListener.java:246)
	at org.springframework.boot.context.logging.LoggingApplicationListener.onApplicationEvent(LoggingApplicationListener.java:223)
	at org.springframework.context.event.SimpleApplicationEventMulticaster.doInvokeListener(SimpleApplicationEventMulticaster.java:176)
	at org.springframework.context.event.SimpleApplicationEventMulticaster.invokeListener(SimpleApplicationEventMulticaster.java:169)
	at org.springframework.context.event.SimpleApplicationEventMulticaster.multicastEvent(SimpleApplicationEventMulticaster.java:143)
	at org.springframework.context.event.SimpleApplicationEventMulticaster.multicastEvent(SimpleApplicationEventMulticaster.java:131)
	at org.springframework.boot.context.event.EventPublishingRunListener.environmentPrepared(EventPublishingRunListener.java:85)
	at org.springframework.boot.SpringApplicationRunListeners.lambda$environmentPrepared$2(SpringApplicationRunListeners.java:66)
	at java.util.ArrayList.forEach(ArrayList.java:1255)
	at org.springframework.boot.SpringApplicationRunListeners.doWithListeners(SpringApplicationRunListeners.java:120)
	at org.springframework.boot.SpringApplicationRunListeners.doWithListeners(SpringApplicationRunListeners.java:114)
	at org.springframework.boot.SpringApplicationRunListeners.environmentPrepared(SpringApplicationRunListeners.java:65)
	at org.springframework.boot.SpringApplication.prepareEnvironment(SpringApplication.java:343)
	at org.springframework.boot.SpringApplication.run(SpringApplication.java:301)
	at org.springframework.boot.test.context.SpringBootContextLoader.loadContext(SpringBootContextLoader.java:136)
	at org.springframework.test.context.cache.DefaultCacheAwareContextLoaderDelegate.loadContextInternal(DefaultCacheAwareContextLoaderDelegate.java:141)
	at org.springframework.test.context.cache.DefaultCacheAwareContextLoaderDelegate.loadContext(DefaultCacheAwareContextLoaderDelegate.java:90)
	... 71 common frames omitted
Caused by: java.lang.IllegalStateException: Logback configuration error detected: 
ERROR in ch.qos.logback.core.joran.action.AppenderRefAction - Could not find an appender named [STDOUT]. Did you define it below instead of above in the configuration file?
ERROR in ch.qos.logback.core.joran.action.AppenderRefAction - See http://logback.qos.ch/codes.html#appender_order for more details.
ERROR in ch.qos.logback.core.joran.action.AppenderRefAction - Could not find an appender named [STDOUT]. Did you define it below instead of above in the configuration file?
ERROR in ch.qos.logback.core.joran.action.AppenderRefAction - See http://logback.qos.ch/codes.html#appender_order for more details.
ERROR in ch.qos.logback.core.joran.action.AppenderRefAction - Could not find an appender named [STDOUT]. Did you define it below instead of above in the configuration file?
ERROR in ch.qos.logback.core.joran.action.AppenderRefAction - See http://logback.qos.ch/codes.html#appender_order for more details.
	at org.springframework.boot.logging.logback.LogbackLoggingSystem.loadConfiguration(LogbackLoggingSystem.java:179)
	at org.springframework.boot.logging.AbstractLoggingSystem.initializeWithSpecificConfig(AbstractLoggingSystem.java:66)
	at org.springframework.boot.logging.AbstractLoggingSystem.initialize(AbstractLoggingSystem.java:57)
	at org.springframework.boot.logging.logback.LogbackLoggingSystem.initialize(LogbackLoggingSystem.java:132)
	at org.springframework.boot.context.logging.LoggingApplicationListener.initializeSystem(LoggingApplicationListener.java:332)
	... 89 common frames omitted
24-11-23.01:26:40.532 [main            ] INFO  StrategyRaffleTest     - Starting StrategyRaffleTest using Java 1.8.0_151 on mile with PID 68400 (started by aaa in D:\Develop\project\rem-market\market-app)
24-11-23.01:26:40.532 [main            ] INFO  StrategyRaffleTest     - The following 1 profile is active: "dev"
24-11-23.01:26:41.178 [main            ] INFO  RepositoryConfigurationDelegate - Multiple Spring Data modules found, entering strict repository configuration mode
24-11-23.01:26:41.194 [main            ] INFO  RepositoryConfigurationDelegate - Bootstrapping Spring Data Redis repositories in DEFAULT mode.
24-11-23.01:26:41.210 [main            ] INFO  RepositoryConfigurationDelegate - Finished Spring Data repository scanning in 19 ms. Found 0 Redis repository interfaces.
24-11-23.01:26:42.609 [main            ] INFO  Version                - Redisson 3.26.0
24-11-23.01:26:43.479 [redisson-netty-1-4] INFO  ConnectionsHolder      - 1 connections initialized for 110.41.180.185/110.41.180.185:6379
24-11-23.01:26:43.882 [redisson-netty-1-13] INFO  ConnectionsHolder      - 5 connections initialized for 110.41.180.185/110.41.180.185:6379
24-11-23.01:26:47.236 [main            ] INFO  EndpointLinksResolver  - Exposing 1 endpoint(s) beneath base path '/actuator'
24-11-23.01:26:47.283 [main            ] INFO  StrategyRaffleTest     - Started StrategyRaffleTest in 7.169 seconds (JVM running for 8.217)
24-11-23.01:26:47.609 [main            ] INFO  HikariDataSource       - HikariPool-1 - Starting...
24-11-23.01:26:49.150 [main            ] INFO  HikariDataSource       - HikariPool-1 - Start completed.
24-11-23.01:26:49.662 [main            ] INFO  StrategyArmoryImpl     - {6000=[102, 103, 104, 105, 106, 107, 108, 109], 4000=[101, 102, 103, 104, 105, 106]}
24-11-23.01:26:50.035 [main            ] INFO  StrategyRaffleTest     - 测试结果：true
24-11-23.01:26:50.035 [main            ] INFO  AbstractStrategyRaffle - 开始执行抽奖流程 用户id : 3, 策略id : 100001
24-11-23.01:26:50.100 [main            ] INFO  BlacklistLogicFilter   - 执行黑名单规则过滤
24-11-23.01:26:50.178 [main            ] INFO  RuleWeightLogicFilter  - 前置过滤权重规则
24-11-23.01:26:50.272 [main            ] INFO  RuleWeightLogicFilter  - minMatchWeightKey 6000
24-11-23.01:26:50.272 [main            ] INFO  DefaultStrategyRaffle  - 抽奖前规则过滤  ruleModel: 3 code: rule_weight info: 0000
24-11-23.01:26:50.479 [main            ] INFO  StrategyRaffleTest     - 请求参数：{"strategyId":100001,"userId":"3"}
24-11-23.01:26:50.479 [main            ] INFO  StrategyRaffleTest     - 测试结果：{"awardId":105}
24-11-23.01:26:50.494 [SpringApplicationShutdownHook] INFO  HikariDataSource       - HikariPool-1 - Shutdown initiated...
24-11-23.01:26:50.957 [SpringApplicationShutdownHook] INFO  HikariDataSource       - HikariPool-1 - Shutdown completed.
24-11-23.01:28:55.693 [main            ] INFO  StrategyRaffleTest     - Starting StrategyRaffleTest using Java 1.8.0_151 on mile with PID 18164 (started by aaa in D:\Develop\project\rem-market\market-app)
24-11-23.01:28:55.693 [main            ] INFO  StrategyRaffleTest     - The following 1 profile is active: "dev"
24-11-23.01:28:56.337 [main            ] INFO  RepositoryConfigurationDelegate - Multiple Spring Data modules found, entering strict repository configuration mode
24-11-23.01:28:56.337 [main            ] INFO  RepositoryConfigurationDelegate - Bootstrapping Spring Data Redis repositories in DEFAULT mode.
24-11-23.01:28:56.368 [main            ] INFO  RepositoryConfigurationDelegate - Finished Spring Data repository scanning in 20 ms. Found 0 Redis repository interfaces.
24-11-23.01:28:57.735 [main            ] INFO  Version                - Redisson 3.26.0
24-11-23.01:28:58.600 [redisson-netty-1-6] INFO  ConnectionsHolder      - 1 connections initialized for 110.41.180.185/110.41.180.185:6379
24-11-23.01:28:58.995 [redisson-netty-1-13] INFO  ConnectionsHolder      - 5 connections initialized for 110.41.180.185/110.41.180.185:6379
24-11-23.01:29:02.473 [main            ] INFO  EndpointLinksResolver  - Exposing 1 endpoint(s) beneath base path '/actuator'
24-11-23.01:29:02.520 [main            ] INFO  StrategyRaffleTest     - Started StrategyRaffleTest in 7.245 seconds (JVM running for 8.268)
24-11-23.01:29:03.154 [main            ] INFO  HikariDataSource       - HikariPool-1 - Starting...
24-11-23.01:29:04.700 [main            ] INFO  HikariDataSource       - HikariPool-1 - Start completed.
24-11-23.01:29:04.823 [main            ] INFO  StrategyArmoryImpl     - {6000=[102, 103, 104, 105, 106, 107, 108, 109], 4000=[101, 102, 103, 104, 105, 106]}
24-11-23.01:29:05.310 [main            ] INFO  StrategyRaffleTest     - 测试结果：true
24-11-23.01:29:05.310 [main            ] INFO  AbstractStrategyRaffle - 开始执行抽奖流程 用户id : 3, 策略id : 100001
24-11-23.01:29:05.357 [main            ] INFO  BlacklistLogicFilter   - 执行黑名单规则过滤
24-11-23.01:29:05.516 [main            ] INFO  RuleWeightLogicFilter  - 前置过滤权重规则
24-11-23.01:29:05.610 [main            ] INFO  RuleWeightLogicFilter  - minMatchWeightKey 6000
24-11-23.01:29:05.610 [main            ] INFO  DefaultStrategyRaffle  - 抽奖前规则过滤  ruleModel: 3 code: rule_weight info: 0000
24-11-23.01:29:05.833 [main            ] INFO  StrategyRaffleTest     - 请求参数：{"strategyId":100001,"userId":"3"}
24-11-23.01:29:05.833 [main            ] INFO  StrategyRaffleTest     - 测试结果：{"awardId":103}
24-11-23.01:29:05.853 [SpringApplicationShutdownHook] INFO  HikariDataSource       - HikariPool-1 - Shutdown initiated...
24-11-23.01:29:05.926 [SpringApplicationShutdownHook] INFO  HikariDataSource       - HikariPool-1 - Shutdown completed.
24-11-23.01:36:13.970 [main            ] INFO  StrategyRaffleTest     - Starting StrategyRaffleTest using Java 1.8.0_151 on mile with PID 77196 (started by aaa in D:\Develop\project\rem-market\market-app)
24-11-23.01:36:13.970 [main            ] INFO  StrategyRaffleTest     - The following 1 profile is active: "dev"
24-11-23.01:36:14.665 [main            ] INFO  RepositoryConfigurationDelegate - Multiple Spring Data modules found, entering strict repository configuration mode
24-11-23.01:36:14.665 [main            ] INFO  RepositoryConfigurationDelegate - Bootstrapping Spring Data Redis repositories in DEFAULT mode.
24-11-23.01:36:14.697 [main            ] INFO  RepositoryConfigurationDelegate - Finished Spring Data repository scanning in 19 ms. Found 0 Redis repository interfaces.
24-11-23.01:36:16.151 [main            ] INFO  Version                - Redisson 3.26.0
24-11-23.01:36:17.079 [redisson-netty-1-4] INFO  ConnectionsHolder      - 1 connections initialized for 110.41.180.185/110.41.180.185:6379
24-11-23.01:36:17.484 [redisson-netty-1-13] INFO  ConnectionsHolder      - 5 connections initialized for 110.41.180.185/110.41.180.185:6379
24-11-23.01:36:21.079 [main            ] INFO  EndpointLinksResolver  - Exposing 1 endpoint(s) beneath base path '/actuator'
24-11-23.01:36:21.129 [main            ] INFO  StrategyRaffleTest     - Started StrategyRaffleTest in 7.555 seconds (JVM running for 8.639)
24-11-23.01:36:21.749 [main            ] INFO  HikariDataSource       - HikariPool-1 - Starting...
24-11-23.01:36:23.283 [main            ] INFO  HikariDataSource       - HikariPool-1 - Start completed.
24-11-23.01:36:23.829 [main            ] INFO  StrategyRaffleTest     - 测试结果：true
24-11-23.01:36:23.833 [main            ] INFO  AbstractStrategyRaffle - 开始执行抽奖流程 用户id : 3, 策略id : 100001
24-11-23.01:36:23.985 [main            ] INFO  BlacklistLogicFilter   - 黑名单过滤结果 放行
24-11-23.01:36:24.099 [main            ] INFO  RuleWeightLogicFilter  - 权重过滤结果 拦截
24-11-23.01:36:24.100 [main            ] INFO  DefaultStrategyRaffle  - 抽奖前规则过滤  ruleModel: 3 code: rule_weight info: 0000
24-11-23.01:36:24.305 [main            ] INFO  StrategyRaffleTest     - 请求参数：{"strategyId":100001,"userId":"3"}
24-11-23.01:36:24.305 [main            ] INFO  StrategyRaffleTest     - 测试结果：{"awardId":106}
24-11-23.01:36:24.321 [SpringApplicationShutdownHook] INFO  HikariDataSource       - HikariPool-1 - Shutdown initiated...
24-11-23.01:36:24.507 [SpringApplicationShutdownHook] INFO  HikariDataSource       - HikariPool-1 - Shutdown completed.
24-11-23.01:45:22.041 [main            ] INFO  StrategyRaffleTest     - Starting StrategyRaffleTest using Java 1.8.0_151 on mile with PID 70164 (started by aaa in D:\Develop\project\rem-market\market-app)
24-11-23.01:45:22.041 [main            ] INFO  StrategyRaffleTest     - The following 1 profile is active: "dev"
24-11-23.01:45:22.735 [main            ] INFO  RepositoryConfigurationDelegate - Multiple Spring Data modules found, entering strict repository configuration mode
24-11-23.01:45:22.735 [main            ] INFO  RepositoryConfigurationDelegate - Bootstrapping Spring Data Redis repositories in DEFAULT mode.
24-11-23.01:45:22.771 [main            ] INFO  RepositoryConfigurationDelegate - Finished Spring Data repository scanning in 20 ms. Found 0 Redis repository interfaces.
24-11-23.01:45:24.164 [main            ] INFO  Version                - Redisson 3.26.0
24-11-23.01:45:25.074 [redisson-netty-1-6] INFO  ConnectionsHolder      - 1 connections initialized for 110.41.180.185/110.41.180.185:6379
24-11-23.01:45:25.495 [redisson-netty-1-13] INFO  ConnectionsHolder      - 5 connections initialized for 110.41.180.185/110.41.180.185:6379
24-11-23.01:45:28.834 [main            ] INFO  EndpointLinksResolver  - Exposing 1 endpoint(s) beneath base path '/actuator'
24-11-23.01:45:28.881 [main            ] INFO  StrategyRaffleTest     - Started StrategyRaffleTest in 7.259 seconds (JVM running for 8.348)
24-11-23.01:45:29.500 [main            ] INFO  HikariDataSource       - HikariPool-1 - Starting...
24-11-23.01:45:31.066 [main            ] INFO  HikariDataSource       - HikariPool-1 - Start completed.
24-11-23.01:45:31.634 [main            ] INFO  StrategyRaffleTest     - 测试结果：true
24-11-23.01:45:31.645 [main            ] INFO  AbstractStrategyRaffle - 开始执行抽奖流程 用户id : 3, 策略id : 100001
24-11-23.01:45:31.845 [main            ] INFO  DefaultStrategyRaffle  - 黑名单过滤结果 放行
24-11-23.01:45:31.948 [main            ] INFO  DefaultStrategyRaffle  - 抽奖前规则过滤 rule_weight 结果 拦截
24-11-23.01:45:32.153 [main            ] INFO  StrategyRaffleTest     - 请求参数：{"strategyId":100001,"userId":"3"}
24-11-23.01:45:32.153 [main            ] INFO  StrategyRaffleTest     - 测试结果：{"awardId":106}
24-11-23.01:45:32.168 [SpringApplicationShutdownHook] INFO  HikariDataSource       - HikariPool-1 - Shutdown initiated...
24-11-23.01:45:32.392 [SpringApplicationShutdownHook] INFO  HikariDataSource       - HikariPool-1 - Shutdown completed.
24-11-23.01:59:34.755 [main            ] ERROR SpringApplication      - Application run failed
java.lang.IllegalStateException: java.lang.IllegalStateException: Logback configuration error detected: 
ERROR in ch.qos.logback.core.joran.action.AppenderRefAction - Could not find an appender named [STDOUT]. Did you define it below instead of above in the configuration file?
ERROR in ch.qos.logback.core.joran.action.AppenderRefAction - See http://logback.qos.ch/codes.html#appender_order for more details.
	at org.springframework.boot.context.logging.LoggingApplicationListener.initializeSystem(LoggingApplicationListener.java:344)
	at org.springframework.boot.context.logging.LoggingApplicationListener.initialize(LoggingApplicationListener.java:298)
	at org.springframework.boot.context.logging.LoggingApplicationListener.onApplicationEnvironmentPreparedEvent(LoggingApplicationListener.java:246)
	at org.springframework.boot.context.logging.LoggingApplicationListener.onApplicationEvent(LoggingApplicationListener.java:223)
	at org.springframework.context.event.SimpleApplicationEventMulticaster.doInvokeListener(SimpleApplicationEventMulticaster.java:176)
	at org.springframework.context.event.SimpleApplicationEventMulticaster.invokeListener(SimpleApplicationEventMulticaster.java:169)
	at org.springframework.context.event.SimpleApplicationEventMulticaster.multicastEvent(SimpleApplicationEventMulticaster.java:143)
	at org.springframework.context.event.SimpleApplicationEventMulticaster.multicastEvent(SimpleApplicationEventMulticaster.java:131)
	at org.springframework.boot.context.event.EventPublishingRunListener.environmentPrepared(EventPublishingRunListener.java:85)
	at org.springframework.boot.SpringApplicationRunListeners.lambda$environmentPrepared$2(SpringApplicationRunListeners.java:66)
	at java.util.ArrayList.forEach(ArrayList.java:1255)
	at org.springframework.boot.SpringApplicationRunListeners.doWithListeners(SpringApplicationRunListeners.java:120)
	at org.springframework.boot.SpringApplicationRunListeners.doWithListeners(SpringApplicationRunListeners.java:114)
	at org.springframework.boot.SpringApplicationRunListeners.environmentPrepared(SpringApplicationRunListeners.java:65)
	at org.springframework.boot.SpringApplication.prepareEnvironment(SpringApplication.java:343)
	at org.springframework.boot.SpringApplication.run(SpringApplication.java:301)
	at org.springframework.boot.test.context.SpringBootContextLoader.loadContext(SpringBootContextLoader.java:136)
	at org.springframework.test.context.cache.DefaultCacheAwareContextLoaderDelegate.loadContextInternal(DefaultCacheAwareContextLoaderDelegate.java:141)
	at org.springframework.test.context.cache.DefaultCacheAwareContextLoaderDelegate.loadContext(DefaultCacheAwareContextLoaderDelegate.java:90)
	at org.springframework.test.context.support.DefaultTestContext.getApplicationContext(DefaultTestContext.java:124)
	at org.springframework.test.context.web.ServletTestExecutionListener.setUpRequestContextIfNecessary(ServletTestExecutionListener.java:190)
	at org.springframework.test.context.web.ServletTestExecutionListener.prepareTestInstance(ServletTestExecutionListener.java:132)
	at org.springframework.test.context.TestContextManager.prepareTestInstance(TestContextManager.java:248)
	at org.springframework.test.context.junit.jupiter.SpringExtension.postProcessTestInstance(SpringExtension.java:138)
	at org.junit.jupiter.engine.descriptor.ClassBasedTestDescriptor.lambda$invokeTestInstancePostProcessors$8(ClassBasedTestDescriptor.java:363)
	at org.junit.jupiter.engine.descriptor.ClassBasedTestDescriptor.executeAndMaskThrowable(ClassBasedTestDescriptor.java:368)
	at org.junit.jupiter.engine.descriptor.ClassBasedTestDescriptor.lambda$invokeTestInstancePostProcessors$9(ClassBasedTestDescriptor.java:363)
	at java.util.stream.ReferencePipeline$3$1.accept(ReferencePipeline.java:193)
	at java.util.stream.ReferencePipeline$2$1.accept(ReferencePipeline.java:175)
	at java.util.ArrayList$ArrayListSpliterator.forEachRemaining(ArrayList.java:1380)
	at java.util.stream.AbstractPipeline.copyInto(AbstractPipeline.java:481)
	at java.util.stream.AbstractPipeline.wrapAndCopyInto(AbstractPipeline.java:471)
	at java.util.stream.StreamSpliterators$WrappingSpliterator.forEachRemaining(StreamSpliterators.java:312)
	at java.util.stream.Streams$ConcatSpliterator.forEachRemaining(Streams.java:743)
	at java.util.stream.Streams$ConcatSpliterator.forEachRemaining(Streams.java:742)
	at java.util.stream.ReferencePipeline$Head.forEach(ReferencePipeline.java:580)
	at org.junit.jupiter.engine.descriptor.ClassBasedTestDescriptor.invokeTestInstancePostProcessors(ClassBasedTestDescriptor.java:362)
	at org.junit.jupiter.engine.descriptor.ClassBasedTestDescriptor.lambda$instantiateAndPostProcessTestInstance$6(ClassBasedTestDescriptor.java:283)
	at org.junit.platform.engine.support.hierarchical.ThrowableCollector.execute(ThrowableCollector.java:73)
	at org.junit.jupiter.engine.descriptor.ClassBasedTestDescriptor.instantiateAndPostProcessTestInstance(ClassBasedTestDescriptor.java:282)
	at org.junit.jupiter.engine.descriptor.ClassBasedTestDescriptor.lambda$testInstancesProvider$4(ClassBasedTestDescriptor.java:272)
	at java.util.Optional.orElseGet(Optional.java:267)
	at org.junit.jupiter.engine.descriptor.ClassBasedTestDescriptor.lambda$testInstancesProvider$5(ClassBasedTestDescriptor.java:271)
	at org.junit.jupiter.engine.execution.TestInstancesProvider.getTestInstances(TestInstancesProvider.java:31)
	at org.junit.jupiter.engine.descriptor.TestMethodTestDescriptor.lambda$prepare$0(TestMethodTestDescriptor.java:102)
	at org.junit.platform.engine.support.hierarchical.ThrowableCollector.execute(ThrowableCollector.java:73)
	at org.junit.jupiter.engine.descriptor.TestMethodTestDescriptor.prepare(TestMethodTestDescriptor.java:101)
	at org.junit.jupiter.engine.descriptor.TestMethodTestDescriptor.prepare(TestMethodTestDescriptor.java:66)
	at org.junit.platform.engine.support.hierarchical.NodeTestTask.lambda$prepare$2(NodeTestTask.java:123)
	at org.junit.platform.engine.support.hierarchical.ThrowableCollector.execute(ThrowableCollector.java:73)
	at org.junit.platform.engine.support.hierarchical.NodeTestTask.prepare(NodeTestTask.java:123)
	at org.junit.platform.engine.support.hierarchical.NodeTestTask.execute(NodeTestTask.java:90)
	at java.util.ArrayList.forEach(ArrayList.java:1255)
	at org.junit.platform.engine.support.hierarchical.SameThreadHierarchicalTestExecutorService.invokeAll(SameThreadHierarchicalTestExecutorService.java:41)
	at org.junit.platform.engine.support.hierarchical.NodeTestTask.lambda$executeRecursively$6(NodeTestTask.java:155)
	at org.junit.platform.engine.support.hierarchical.ThrowableCollector.execute(ThrowableCollector.java:73)
	at org.junit.platform.engine.support.hierarchical.NodeTestTask.lambda$executeRecursively$8(NodeTestTask.java:141)
	at org.junit.platform.engine.support.hierarchical.Node.around(Node.java:137)
	at org.junit.platform.engine.support.hierarchical.NodeTestTask.lambda$executeRecursively$9(NodeTestTask.java:139)
	at org.junit.platform.engine.support.hierarchical.ThrowableCollector.execute(ThrowableCollector.java:73)
	at org.junit.platform.engine.support.hierarchical.NodeTestTask.executeRecursively(NodeTestTask.java:138)
	at org.junit.platform.engine.support.hierarchical.NodeTestTask.execute(NodeTestTask.java:95)
	at java.util.ArrayList.forEach(ArrayList.java:1255)
	at org.junit.platform.engine.support.hierarchical.SameThreadHierarchicalTestExecutorService.invokeAll(SameThreadHierarchicalTestExecutorService.java:41)
	at org.junit.platform.engine.support.hierarchical.NodeTestTask.lambda$executeRecursively$6(NodeTestTask.java:155)
	at org.junit.platform.engine.support.hierarchical.ThrowableCollector.execute(ThrowableCollector.java:73)
	at org.junit.platform.engine.support.hierarchical.NodeTestTask.lambda$executeRecursively$8(NodeTestTask.java:141)
	at org.junit.platform.engine.support.hierarchical.Node.around(Node.java:137)
	at org.junit.platform.engine.support.hierarchical.NodeTestTask.lambda$executeRecursively$9(NodeTestTask.java:139)
	at org.junit.platform.engine.support.hierarchical.ThrowableCollector.execute(ThrowableCollector.java:73)
	at org.junit.platform.engine.support.hierarchical.NodeTestTask.executeRecursively(NodeTestTask.java:138)
	at org.junit.platform.engine.support.hierarchical.NodeTestTask.execute(NodeTestTask.java:95)
	at org.junit.platform.engine.support.hierarchical.SameThreadHierarchicalTestExecutorService.submit(SameThreadHierarchicalTestExecutorService.java:35)
	at org.junit.platform.engine.support.hierarchical.HierarchicalTestExecutor.execute(HierarchicalTestExecutor.java:57)
	at org.junit.platform.engine.support.hierarchical.HierarchicalTestEngine.execute(HierarchicalTestEngine.java:54)
	at org.junit.platform.launcher.core.EngineExecutionOrchestrator.execute(EngineExecutionOrchestrator.java:107)
	at org.junit.platform.launcher.core.EngineExecutionOrchestrator.execute(EngineExecutionOrchestrator.java:88)
	at org.junit.platform.launcher.core.EngineExecutionOrchestrator.lambda$execute$0(EngineExecutionOrchestrator.java:54)
	at org.junit.platform.launcher.core.EngineExecutionOrchestrator.withInterceptedStreams(EngineExecutionOrchestrator.java:67)
	at org.junit.platform.launcher.core.EngineExecutionOrchestrator.execute(EngineExecutionOrchestrator.java:52)
	at org.junit.platform.launcher.core.DefaultLauncher.execute(DefaultLauncher.java:114)
	at org.junit.platform.launcher.core.DefaultLauncher.execute(DefaultLauncher.java:86)
	at org.junit.platform.launcher.core.DefaultLauncherSession$DelegatingLauncher.execute(DefaultLauncherSession.java:86)
	at org.junit.platform.launcher.core.SessionPerRequestLauncher.execute(SessionPerRequestLauncher.java:53)
	at com.intellij.junit5.JUnit5IdeaTestRunner.startRunnerWithArgs(JUnit5IdeaTestRunner.java:57)
	at com.intellij.rt.junit.IdeaTestRunner$Repeater$1.execute(IdeaTestRunner.java:38)
	at com.intellij.rt.execution.junit.TestsRepeater.repeat(TestsRepeater.java:11)
	at com.intellij.rt.junit.IdeaTestRunner$Repeater.startRunnerWithArgs(IdeaTestRunner.java:35)
	at com.intellij.rt.junit.JUnitStarter.prepareStreamsAndStart(JUnitStarter.java:232)
	at com.intellij.rt.junit.JUnitStarter.main(JUnitStarter.java:55)
Caused by: java.lang.IllegalStateException: Logback configuration error detected: 
ERROR in ch.qos.logback.core.joran.action.AppenderRefAction - Could not find an appender named [STDOUT]. Did you define it below instead of above in the configuration file?
ERROR in ch.qos.logback.core.joran.action.AppenderRefAction - See http://logback.qos.ch/codes.html#appender_order for more details.
	at org.springframework.boot.logging.logback.LogbackLoggingSystem.loadConfiguration(LogbackLoggingSystem.java:179)
	at org.springframework.boot.logging.AbstractLoggingSystem.initializeWithSpecificConfig(AbstractLoggingSystem.java:66)
	at org.springframework.boot.logging.AbstractLoggingSystem.initialize(AbstractLoggingSystem.java:57)
	at org.springframework.boot.logging.logback.LogbackLoggingSystem.initialize(LogbackLoggingSystem.java:132)
	at org.springframework.boot.context.logging.LoggingApplicationListener.initializeSystem(LoggingApplicationListener.java:332)
	... 89 common frames omitted
24-11-23.01:59:34.770 [main            ] ERROR TestContextManager     - Caught exception while allowing TestExecutionListener [org.springframework.test.context.web.ServletTestExecutionListener@7bd7d6d6] to prepare test instance [top.javarem.StrategyRaffleTest@44828f6b]
java.lang.IllegalStateException: Failed to load ApplicationContext
	at org.springframework.test.context.cache.DefaultCacheAwareContextLoaderDelegate.loadContext(DefaultCacheAwareContextLoaderDelegate.java:98)
	at org.springframework.test.context.support.DefaultTestContext.getApplicationContext(DefaultTestContext.java:124)
	at org.springframework.test.context.web.ServletTestExecutionListener.setUpRequestContextIfNecessary(ServletTestExecutionListener.java:190)
	at org.springframework.test.context.web.ServletTestExecutionListener.prepareTestInstance(ServletTestExecutionListener.java:132)
	at org.springframework.test.context.TestContextManager.prepareTestInstance(TestContextManager.java:248)
	at org.springframework.test.context.junit.jupiter.SpringExtension.postProcessTestInstance(SpringExtension.java:138)
	at org.junit.jupiter.engine.descriptor.ClassBasedTestDescriptor.lambda$invokeTestInstancePostProcessors$8(ClassBasedTestDescriptor.java:363)
	at org.junit.jupiter.engine.descriptor.ClassBasedTestDescriptor.executeAndMaskThrowable(ClassBasedTestDescriptor.java:368)
	at org.junit.jupiter.engine.descriptor.ClassBasedTestDescriptor.lambda$invokeTestInstancePostProcessors$9(ClassBasedTestDescriptor.java:363)
	at java.util.stream.ReferencePipeline$3$1.accept(ReferencePipeline.java:193)
	at java.util.stream.ReferencePipeline$2$1.accept(ReferencePipeline.java:175)
	at java.util.ArrayList$ArrayListSpliterator.forEachRemaining(ArrayList.java:1380)
	at java.util.stream.AbstractPipeline.copyInto(AbstractPipeline.java:481)
	at java.util.stream.AbstractPipeline.wrapAndCopyInto(AbstractPipeline.java:471)
	at java.util.stream.StreamSpliterators$WrappingSpliterator.forEachRemaining(StreamSpliterators.java:312)
	at java.util.stream.Streams$ConcatSpliterator.forEachRemaining(Streams.java:743)
	at java.util.stream.Streams$ConcatSpliterator.forEachRemaining(Streams.java:742)
	at java.util.stream.ReferencePipeline$Head.forEach(ReferencePipeline.java:580)
	at org.junit.jupiter.engine.descriptor.ClassBasedTestDescriptor.invokeTestInstancePostProcessors(ClassBasedTestDescriptor.java:362)
	at org.junit.jupiter.engine.descriptor.ClassBasedTestDescriptor.lambda$instantiateAndPostProcessTestInstance$6(ClassBasedTestDescriptor.java:283)
	at org.junit.platform.engine.support.hierarchical.ThrowableCollector.execute(ThrowableCollector.java:73)
	at org.junit.jupiter.engine.descriptor.ClassBasedTestDescriptor.instantiateAndPostProcessTestInstance(ClassBasedTestDescriptor.java:282)
	at org.junit.jupiter.engine.descriptor.ClassBasedTestDescriptor.lambda$testInstancesProvider$4(ClassBasedTestDescriptor.java:272)
	at java.util.Optional.orElseGet(Optional.java:267)
	at org.junit.jupiter.engine.descriptor.ClassBasedTestDescriptor.lambda$testInstancesProvider$5(ClassBasedTestDescriptor.java:271)
	at org.junit.jupiter.engine.execution.TestInstancesProvider.getTestInstances(TestInstancesProvider.java:31)
	at org.junit.jupiter.engine.descriptor.TestMethodTestDescriptor.lambda$prepare$0(TestMethodTestDescriptor.java:102)
	at org.junit.platform.engine.support.hierarchical.ThrowableCollector.execute(ThrowableCollector.java:73)
	at org.junit.jupiter.engine.descriptor.TestMethodTestDescriptor.prepare(TestMethodTestDescriptor.java:101)
	at org.junit.jupiter.engine.descriptor.TestMethodTestDescriptor.prepare(TestMethodTestDescriptor.java:66)
	at org.junit.platform.engine.support.hierarchical.NodeTestTask.lambda$prepare$2(NodeTestTask.java:123)
	at org.junit.platform.engine.support.hierarchical.ThrowableCollector.execute(ThrowableCollector.java:73)
	at org.junit.platform.engine.support.hierarchical.NodeTestTask.prepare(NodeTestTask.java:123)
	at org.junit.platform.engine.support.hierarchical.NodeTestTask.execute(NodeTestTask.java:90)
	at java.util.ArrayList.forEach(ArrayList.java:1255)
	at org.junit.platform.engine.support.hierarchical.SameThreadHierarchicalTestExecutorService.invokeAll(SameThreadHierarchicalTestExecutorService.java:41)
	at org.junit.platform.engine.support.hierarchical.NodeTestTask.lambda$executeRecursively$6(NodeTestTask.java:155)
	at org.junit.platform.engine.support.hierarchical.ThrowableCollector.execute(ThrowableCollector.java:73)
	at org.junit.platform.engine.support.hierarchical.NodeTestTask.lambda$executeRecursively$8(NodeTestTask.java:141)
	at org.junit.platform.engine.support.hierarchical.Node.around(Node.java:137)
	at org.junit.platform.engine.support.hierarchical.NodeTestTask.lambda$executeRecursively$9(NodeTestTask.java:139)
	at org.junit.platform.engine.support.hierarchical.ThrowableCollector.execute(ThrowableCollector.java:73)
	at org.junit.platform.engine.support.hierarchical.NodeTestTask.executeRecursively(NodeTestTask.java:138)
	at org.junit.platform.engine.support.hierarchical.NodeTestTask.execute(NodeTestTask.java:95)
	at java.util.ArrayList.forEach(ArrayList.java:1255)
	at org.junit.platform.engine.support.hierarchical.SameThreadHierarchicalTestExecutorService.invokeAll(SameThreadHierarchicalTestExecutorService.java:41)
	at org.junit.platform.engine.support.hierarchical.NodeTestTask.lambda$executeRecursively$6(NodeTestTask.java:155)
	at org.junit.platform.engine.support.hierarchical.ThrowableCollector.execute(ThrowableCollector.java:73)
	at org.junit.platform.engine.support.hierarchical.NodeTestTask.lambda$executeRecursively$8(NodeTestTask.java:141)
	at org.junit.platform.engine.support.hierarchical.Node.around(Node.java:137)
	at org.junit.platform.engine.support.hierarchical.NodeTestTask.lambda$executeRecursively$9(NodeTestTask.java:139)
	at org.junit.platform.engine.support.hierarchical.ThrowableCollector.execute(ThrowableCollector.java:73)
	at org.junit.platform.engine.support.hierarchical.NodeTestTask.executeRecursively(NodeTestTask.java:138)
	at org.junit.platform.engine.support.hierarchical.NodeTestTask.execute(NodeTestTask.java:95)
	at org.junit.platform.engine.support.hierarchical.SameThreadHierarchicalTestExecutorService.submit(SameThreadHierarchicalTestExecutorService.java:35)
	at org.junit.platform.engine.support.hierarchical.HierarchicalTestExecutor.execute(HierarchicalTestExecutor.java:57)
	at org.junit.platform.engine.support.hierarchical.HierarchicalTestEngine.execute(HierarchicalTestEngine.java:54)
	at org.junit.platform.launcher.core.EngineExecutionOrchestrator.execute(EngineExecutionOrchestrator.java:107)
	at org.junit.platform.launcher.core.EngineExecutionOrchestrator.execute(EngineExecutionOrchestrator.java:88)
	at org.junit.platform.launcher.core.EngineExecutionOrchestrator.lambda$execute$0(EngineExecutionOrchestrator.java:54)
	at org.junit.platform.launcher.core.EngineExecutionOrchestrator.withInterceptedStreams(EngineExecutionOrchestrator.java:67)
	at org.junit.platform.launcher.core.EngineExecutionOrchestrator.execute(EngineExecutionOrchestrator.java:52)
	at org.junit.platform.launcher.core.DefaultLauncher.execute(DefaultLauncher.java:114)
	at org.junit.platform.launcher.core.DefaultLauncher.execute(DefaultLauncher.java:86)
	at org.junit.platform.launcher.core.DefaultLauncherSession$DelegatingLauncher.execute(DefaultLauncherSession.java:86)
	at org.junit.platform.launcher.core.SessionPerRequestLauncher.execute(SessionPerRequestLauncher.java:53)
	at com.intellij.junit5.JUnit5IdeaTestRunner.startRunnerWithArgs(JUnit5IdeaTestRunner.java:57)
	at com.intellij.rt.junit.IdeaTestRunner$Repeater$1.execute(IdeaTestRunner.java:38)
	at com.intellij.rt.execution.junit.TestsRepeater.repeat(TestsRepeater.java:11)
	at com.intellij.rt.junit.IdeaTestRunner$Repeater.startRunnerWithArgs(IdeaTestRunner.java:35)
	at com.intellij.rt.junit.JUnitStarter.prepareStreamsAndStart(JUnitStarter.java:232)
	at com.intellij.rt.junit.JUnitStarter.main(JUnitStarter.java:55)
Caused by: java.lang.IllegalStateException: java.lang.IllegalStateException: Logback configuration error detected: 
ERROR in ch.qos.logback.core.joran.action.AppenderRefAction - Could not find an appender named [STDOUT]. Did you define it below instead of above in the configuration file?
ERROR in ch.qos.logback.core.joran.action.AppenderRefAction - See http://logback.qos.ch/codes.html#appender_order for more details.
	at org.springframework.boot.context.logging.LoggingApplicationListener.initializeSystem(LoggingApplicationListener.java:344)
	at org.springframework.boot.context.logging.LoggingApplicationListener.initialize(LoggingApplicationListener.java:298)
	at org.springframework.boot.context.logging.LoggingApplicationListener.onApplicationEnvironmentPreparedEvent(LoggingApplicationListener.java:246)
	at org.springframework.boot.context.logging.LoggingApplicationListener.onApplicationEvent(LoggingApplicationListener.java:223)
	at org.springframework.context.event.SimpleApplicationEventMulticaster.doInvokeListener(SimpleApplicationEventMulticaster.java:176)
	at org.springframework.context.event.SimpleApplicationEventMulticaster.invokeListener(SimpleApplicationEventMulticaster.java:169)
	at org.springframework.context.event.SimpleApplicationEventMulticaster.multicastEvent(SimpleApplicationEventMulticaster.java:143)
	at org.springframework.context.event.SimpleApplicationEventMulticaster.multicastEvent(SimpleApplicationEventMulticaster.java:131)
	at org.springframework.boot.context.event.EventPublishingRunListener.environmentPrepared(EventPublishingRunListener.java:85)
	at org.springframework.boot.SpringApplicationRunListeners.lambda$environmentPrepared$2(SpringApplicationRunListeners.java:66)
	at java.util.ArrayList.forEach(ArrayList.java:1255)
	at org.springframework.boot.SpringApplicationRunListeners.doWithListeners(SpringApplicationRunListeners.java:120)
	at org.springframework.boot.SpringApplicationRunListeners.doWithListeners(SpringApplicationRunListeners.java:114)
	at org.springframework.boot.SpringApplicationRunListeners.environmentPrepared(SpringApplicationRunListeners.java:65)
	at org.springframework.boot.SpringApplication.prepareEnvironment(SpringApplication.java:343)
	at org.springframework.boot.SpringApplication.run(SpringApplication.java:301)
	at org.springframework.boot.test.context.SpringBootContextLoader.loadContext(SpringBootContextLoader.java:136)
	at org.springframework.test.context.cache.DefaultCacheAwareContextLoaderDelegate.loadContextInternal(DefaultCacheAwareContextLoaderDelegate.java:141)
	at org.springframework.test.context.cache.DefaultCacheAwareContextLoaderDelegate.loadContext(DefaultCacheAwareContextLoaderDelegate.java:90)
	... 71 common frames omitted
Caused by: java.lang.IllegalStateException: Logback configuration error detected: 
ERROR in ch.qos.logback.core.joran.action.AppenderRefAction - Could not find an appender named [STDOUT]. Did you define it below instead of above in the configuration file?
ERROR in ch.qos.logback.core.joran.action.AppenderRefAction - See http://logback.qos.ch/codes.html#appender_order for more details.
	at org.springframework.boot.logging.logback.LogbackLoggingSystem.loadConfiguration(LogbackLoggingSystem.java:179)
	at org.springframework.boot.logging.AbstractLoggingSystem.initializeWithSpecificConfig(AbstractLoggingSystem.java:66)
	at org.springframework.boot.logging.AbstractLoggingSystem.initialize(AbstractLoggingSystem.java:57)
	at org.springframework.boot.logging.logback.LogbackLoggingSystem.initialize(LogbackLoggingSystem.java:132)
	at org.springframework.boot.context.logging.LoggingApplicationListener.initializeSystem(LoggingApplicationListener.java:332)
	... 89 common frames omitted
